New log file opened at Fri Jul 24 15:44:35 EDT 2015 by 11280@W-OFC2460T00
jvm 11280@W-OFC2460T00
jvm vmName=Java HotSpot(TM) 64-Bit Server VM vmVendor=Sun Microsystems Inc. vmVersion=20.45-b01
jvm specName=Java Virtual Machine Specification specVendor=Sun Microsystems Inc. specVersion=1.0
jvm arguments: [-Xms256m, -Xmx1024m, -XX:PermSize=64m, -XX:MaxPermSize=256m]
Starting event engine
Starting sbt command engine
Waiting for sbt command engine
Command engine arguments=List()
Command engine baseDirectory=C:\Users\s-pairinguser\hello-scala
Command engine initial remaining commands List(--initialize, onFailure load-failed, boot, server-send-ready-for-request, server-handle-next-server-request)
> --initialize
> initialize
> onFailure load-failed
> boot
> reload
[Loading] Scanning directory C:\Users\s-pairinguser\hello-scala\project
[Loading] Found non-root projects 
[Loading] Done in C:\Users\s-pairinguser\hello-scala\project, returning: ()
deducing auto plugins based on known facts Set(Atom(sbt.plugins.CorePlugin)) and clauses Clauses(List(Clause(Atom(sbt.plugins.JvmPlugin),Set(Atom(sbt.plugins.IvyPlugin))), Clause(Atom(sbt.plugins.JUnitXmlReportPlugin),Set(Atom(sbt.plugins.JvmPlugin))), Clause(Atom(sbt.plugins.CorePlugin),Set(Atom(sbt.plugins.IvyPlugin))), Clause(Atom(sbt.plugins.IvyPlugin),Set(Atom(sbt.plugins.JvmPlugin))), Clause(Atom(sbt.plugins.JvmPlugin),Set(Atom(sbt.plugins.JUnitXmlReportPlugin)))))
  :: deduced result: Matched(sbt.plugins.CorePlugin,sbt.plugins.IvyPlugin,sbt.plugins.JvmPlugin,sbt.plugins.JUnitXmlReportPlugin)
sorting: ns: List(sbt.plugins.CorePlugin, sbt.plugins.IvyPlugin, sbt.plugins.JvmPlugin, sbt.plugins.JUnitXmlReportPlugin)
  :: sorting:: found: List(sbt.plugins.CorePlugin) not found List(sbt.plugins.IvyPlugin, sbt.plugins.JvmPlugin, sbt.plugins.JUnitXmlReportPlugin)
  :: sorting:: found: List(sbt.plugins.CorePlugin, sbt.plugins.IvyPlugin) not found List(sbt.plugins.JvmPlugin, sbt.plugins.JUnitXmlReportPlugin)
  :: sorting:: found: List(sbt.plugins.CorePlugin, sbt.plugins.IvyPlugin, sbt.plugins.JvmPlugin) not found List(sbt.plugins.JUnitXmlReportPlugin)
  :: sorting:: found: List(sbt.plugins.CorePlugin, sbt.plugins.IvyPlugin, sbt.plugins.JvmPlugin, sbt.plugins.JUnitXmlReportPlugin) not found List()
  :: sorted deduced result: List(sbt.plugins.CorePlugin, sbt.plugins.IvyPlugin, sbt.plugins.JvmPlugin, sbt.plugins.JUnitXmlReportPlugin)
[Loading] Done in C:\Users\s-pairinguser\hello-scala\project, returning: (hello-scala-build)
Loading project definition from C:\Users\s-pairinguser\hello-scala\project
Running task... Cancel: sbt.TaskCancellationStrategy$Null$@380fe8c4, check cycles: false

Initial source changes: 
	removed:Set()
	added: Set()
	modified: Set()
Removed products: Set()
External API changes: API Changes: Set()
Modified binary dependencies: Set()
Initial directly invalidated sources: Set()

Sources indirectly invalidated by:
	product: Set()
	binary dep: Set()
	external source: Set()
All initially invalidated sources: Set()

Copy resource mappings: 
	
[Loading] Scanning directory C:\Users\s-pairinguser\hello-scala
[Loading] Found non-root projects 
[Loading] Done in C:\Users\s-pairinguser\hello-scala, returning: ()
deducing auto plugins based on known facts Set(Atom(sbt.plugins.CorePlugin)) and clauses Clauses(List(Clause(Atom(sbt.plugins.JvmPlugin),Set(Atom(sbt.plugins.IvyPlugin))), Clause(Atom(sbt.plugins.JUnitXmlReportPlugin),Set(Atom(sbt.plugins.JvmPlugin))), Clause(Atom(sbt.plugins.BackgroundRunPlugin),Set(Atom(sbt.plugins.JvmPlugin))), Clause(Atom(sbt.plugins.CorePlugin),Set(Atom(sbt.plugins.IvyPlugin))), Clause(Atom(sbt.plugins.IvyPlugin),Set(Atom(sbt.plugins.JvmPlugin))), Clause(Atom(sbt.plugins.JvmPlugin),Set(Atom(sbt.plugins.JUnitXmlReportPlugin))), Clause(Atom(sbt.plugins.JvmPlugin),Set(Atom(sbt.plugins.BackgroundRunPlugin))), Clause(Atom(sbt.plugins.CorePlugin),Set(Atom(sbt.plugins.InteractionServicePlugin))), Clause(Atom(sbt.plugins.CorePlugin),Set(Atom(sbt.plugins.SendEventServicePlugin))), Clause(Atom(sbt.plugins.CorePlugin),Set(Atom(sbt.plugins.SerializersPlugin)))))
  :: deduced result: Matched(sbt.plugins.CorePlugin,sbt.plugins.SerializersPlugin,sbt.plugins.SendEventServicePlugin,sbt.plugins.InteractionServicePlugin,sbt.plugins.IvyPlugin,sbt.plugins.JvmPlugin,sbt.plugins.BackgroundRunPlugin,sbt.plugins.JUnitXmlReportPlugin)
sorting: ns: List(sbt.plugins.CorePlugin, sbt.plugins.SerializersPlugin, sbt.plugins.SendEventServicePlugin, sbt.plugins.InteractionServicePlugin, sbt.plugins.IvyPlugin, sbt.plugins.JvmPlugin, sbt.plugins.BackgroundRunPlugin, sbt.plugins.JUnitXmlReportPlugin)
  :: sorting:: found: List(sbt.plugins.CorePlugin) not found List(sbt.plugins.SerializersPlugin, sbt.plugins.SendEventServicePlugin, sbt.plugins.InteractionServicePlugin, sbt.plugins.IvyPlugin, sbt.plugins.JvmPlugin, sbt.plugins.BackgroundRunPlugin, sbt.plugins.JUnitXmlReportPlugin)
  :: sorting:: found: List(sbt.plugins.CorePlugin, sbt.plugins.SerializersPlugin, sbt.plugins.SendEventServicePlugin, sbt.plugins.InteractionServicePlugin, sbt.plugins.IvyPlugin) not found List(sbt.plugins.JvmPlugin, sbt.plugins.BackgroundRunPlugin, sbt.plugins.JUnitXmlReportPlugin)
  :: sorting:: found: List(sbt.plugins.CorePlugin, sbt.plugins.SerializersPlugin, sbt.plugins.SendEventServicePlugin, sbt.plugins.InteractionServicePlugin, sbt.plugins.IvyPlugin, sbt.plugins.JvmPlugin) not found List(sbt.plugins.BackgroundRunPlugin, sbt.plugins.JUnitXmlReportPlugin)
  :: sorting:: found: List(sbt.plugins.CorePlugin, sbt.plugins.SerializersPlugin, sbt.plugins.SendEventServicePlugin, sbt.plugins.InteractionServicePlugin, sbt.plugins.IvyPlugin, sbt.plugins.JvmPlugin, sbt.plugins.BackgroundRunPlugin, sbt.plugins.JUnitXmlReportPlugin) not found List()
  :: sorted deduced result: List(sbt.plugins.CorePlugin, sbt.plugins.SerializersPlugin, sbt.plugins.SendEventServicePlugin, sbt.plugins.InteractionServicePlugin, sbt.plugins.IvyPlugin, sbt.plugins.JvmPlugin, sbt.plugins.BackgroundRunPlugin, sbt.plugins.JUnitXmlReportPlugin)
[Loading] Done in C:\Users\s-pairinguser\hello-scala, returning: (hello-scala)
Set current project to hello-scala (in build file:/C:/Users/s-pairinguser/hello-scala/)
Reapplying settings...
Set current project to hello-scala (in build file:/C:/Users/s-pairinguser/hello-scala/)
> iflast shell
> server-send-ready-for-request
> server-handle-next-server-request
> {file:/C:/Users/s-pairinguser/hello-scala/}hello-scala/compile:discoveredMainClasses
Evaluating tasks: compile:discoveredMainClasses
Running task... Cancel: sbt.server.ServerTaskCancellation@1f7309a, check cycles: false

Initial source changes: 
	removed:Set()
	added: Set()
	modified: Set()
Removed products: Set()
External API changes: API Changes: Set()
Modified binary dependencies: Set()
Initial directly invalidated sources: Set()

Sources indirectly invalidated by:
	product: Set()
	binary dep: Set()
	external source: Set()
All initially invalidated sources: Set()

Total time: 0 s, completed Jul 24, 2015 3:44:38 PM
> server-post-command-cleanup
> server-handle-next-server-request
> {file:/C:/Users/s-pairinguser/hello-scala/}hello-scala/compile:mainClass
Evaluating tasks: compile:mainClass
Running task... Cancel: sbt.server.ServerTaskCancellation@606f6a6a, check cycles: false

Initial source changes: 
	removed:Set()
	added: Set()
	modified: Set()
Removed products: Set()
External API changes: API Changes: Set()
Modified binary dependencies: Set()
Initial directly invalidated sources: Set()

Sources indirectly invalidated by:
	product: Set()
	binary dep: Set()
	external source: Set()
All initially invalidated sources: Set()

Total time: 0 s, completed Jul 24, 2015 3:44:39 PM
> server-post-command-cleanup
> server-handle-next-server-request
> {file:/C:/Users/s-pairinguser/hello-scala/}hello-scala/compile:discoveredMainClasses
Evaluating tasks: compile:discoveredMainClasses
Running task... Cancel: sbt.server.ServerTaskCancellation@7b04eff0, check cycles: false

Initial source changes: 
	removed:Set()
	added: Set()
	modified: Set()
Removed products: Set()
External API changes: API Changes: Set()
Modified binary dependencies: Set()
Initial directly invalidated sources: Set()

Sources indirectly invalidated by:
	product: Set()
	binary dep: Set()
	external source: Set()
All initially invalidated sources: Set()

Total time: 0 s, completed Jul 24, 2015 3:44:39 PM
> server-post-command-cleanup
> server-handle-next-server-request
> {file:/C:/Users/s-pairinguser/hello-scala/}hello-scala/compile:mainClass
Evaluating tasks: compile:mainClass
Running task... Cancel: sbt.server.ServerTaskCancellation@5ee988c6, check cycles: false

Initial source changes: 
	removed:Set()
	added: Set()
	modified: Set()
Removed products: Set()
External API changes: API Changes: Set()
Modified binary dependencies: Set()
Initial directly invalidated sources: Set()

Sources indirectly invalidated by:
	product: Set()
	binary dep: Set()
	external source: Set()
All initially invalidated sources: Set()

Total time: 0 s, completed Jul 24, 2015 3:44:39 PM
> server-post-command-cleanup
> server-handle-next-server-request
> compile
Evaluating tasks: compile:compile
Running task... Cancel: sbt.server.ServerTaskCancellation@4763754a, check cycles: false

Initial source changes: 
	removed:Set()
	added: Set()
	modified: Set()
Removed products: Set()
External API changes: API Changes: Set()
Modified binary dependencies: Set()
Initial directly invalidated sources: Set()

Sources indirectly invalidated by:
	product: Set()
	binary dep: Set()
	external source: Set()
All initially invalidated sources: Set()

Total time: 0 s, completed Jul 24, 2015 3:45:27 PM
> server-post-command-cleanup
> server-handle-next-server-request
> test
Evaluating tasks: test:test
Running task... Cancel: sbt.server.ServerTaskCancellation@673b087c, check cycles: false

Initial source changes: 
	removed:Set()
	added: Set()
	modified: Set()
Removed products: Set()
External API changes: API Changes: Set()
Modified binary dependencies: Set()
Initial directly invalidated sources: Set()

Sources indirectly invalidated by:
	product: Set()
	binary dep: Set()
	external source: Set()
All initially invalidated sources: Set()

Copy resource mappings: 
	

Initial source changes: 
	removed:Set()
	added: Set()
	modified: Set(C:\Users\s-pairinguser\hello-scala\src\test\scala\RomanSpec.scala)
Removed products: Set()
External API changes: API Changes: Set()
Modified binary dependencies: Set()
Initial directly invalidated sources: Set(C:\Users\s-pairinguser\hello-scala\src\test\scala\RomanSpec.scala)

Sources indirectly invalidated by:
	product: Set()
	binary dep: Set()
	external source: Set()
All initially invalidated sources: Set(C:\Users\s-pairinguser\hello-scala\src\test\scala\RomanSpec.scala)

Recompiling all 1 sources: invalidated sources (1) exceeded 50.0% of all sources
Read from stdout: Compiling 1 Scala source to C:\Users\s-pairinguser\hello-scala\target\scala-2.11\test-classes...
Compiling 1 Scala source to C:\Users\s-pairinguser\hello-scala\target\scala-2.11\test-classes...
Getting compiler-interface from component compiler for Scala 2.11.6
Other repositories:
Default repositories:
Getting compiler-interface from component compiler for Scala 2.11.6
Other repositories:
Default repositories:
Running cached compiler 3a9c7650, interfacing (CompilerInterface) with Scala compiler version 2.11.6
Calling Scala compiler with arguments  (CompilerInterface):
	-bootclasspath
	C:\Program Files\Java\jdk1.6.0_45\jre\lib\resources.jar;C:\Program Files\Java\jdk1.6.0_45\jre\lib\rt.jar;C:\Program Files\Java\jdk1.6.0_45\jre\lib\sunrsasign.jar;C:\Program Files\Java\jdk1.6.0_45\jre\lib\jsse.jar;C:\Program Files\Java\jdk1.6.0_45\jre\lib\jce.jar;C:\Program Files\Java\jdk1.6.0_45\jre\lib\charsets.jar;C:\Program Files\Java\jdk1.6.0_45\jre\lib\modules\jdk.boot.jar;C:\Program Files\Java\jdk1.6.0_45\jre\classes;C:\Users\s-pairinguser\.ivy2\cache\org.scala-lang\scala-library\jars\scala-library-2.11.6.jar
	-classpath
	C:\Users\s-pairinguser\hello-scala\target\scala-2.11\test-classes;C:\Users\s-pairinguser\hello-scala\target\scala-2.11\classes;C:\Users\s-pairinguser\.ivy2\cache\org.scalatest\scalatest_2.11\bundles\scalatest_2.11-2.2.4.jar;C:\Users\s-pairinguser\.ivy2\cache\org.scala-lang\scala-reflect\jars\scala-reflect-2.11.2.jar;C:\Users\s-pairinguser\.ivy2\cache\org.scala-lang.modules\scala-xml_2.11\bundles\scala-xml_2.11-1.0.2.jar
Scala compilation took 3.724501793 s
New invalidations:
	Set()
Initial set of included nodes: Set()
Previously invalidated, but (transitively) depend on new invalidations:
	Set()
All newly invalidated sources after taking into account (previously) recompiled sources:Set()
Copy resource mappings: 
	
Framework implementation 'org.scalacheck.ScalaCheckFramework' not present.
Framework implementation 'org.specs2.runner.Specs2Framework' not present.
Framework implementation 'org.specs2.runner.SpecsFramework' not present.
Framework implementation 'org.specs.runner.SpecsFramework' not present.
Framework implementation 'com.novocode.junit.JUnitFramework' not present.
Subclass fingerprints: List((org.scalatest.Suite,false,org.scalatest.tools.Framework$$anon$1@f32b694))
Annotation fingerprints: List((org.scalatest.WrapWith,false,org.scalatest.tools.Framework$$anon$2@2dd32fef))
Running TaskDef(RomanSpec, org.scalatest.tools.Framework$$anon$1@f32b694, false, [SuiteSelector])
Read from stdout: RomanSpec:
Read from stdout: 1
Read from stdout: - should I
RomanSpec:
1
- should I
Read from stdout: Run completed in 245 milliseconds.
Read from stdout: Total number of tests run: 1
Read from stdout: Suites: completed 1, aborted 0
Read from stdout: Tests: succeeded 1, failed 0, canceled 0, ignored 0, pending 0
Read from stdout: All tests passed.
Run completed in 245 milliseconds.
Total number of tests run: 1
Suites: completed 1, aborted 0
Tests: succeeded 1, failed 0, canceled 0, ignored 0, pending 0
All tests passed.
Passed tests:
	RomanSpec
Total time: 4 s, completed Jul 24, 2015 3:45:32 PM
> server-post-command-cleanup
> server-handle-next-server-request
> compile
Evaluating tasks: compile:compile
Running task... Cancel: sbt.server.ServerTaskCancellation@18a40279, check cycles: false

Initial source changes: 
	removed:Set()
	added: Set()
	modified: Set()
Removed products: Set()
External API changes: API Changes: Set()
Modified binary dependencies: Set()
Initial directly invalidated sources: Set()

Sources indirectly invalidated by:
	product: Set()
	binary dep: Set()
	external source: Set()
All initially invalidated sources: Set()

Total time: 0 s, completed Jul 24, 2015 3:46:35 PM
> server-post-command-cleanup
> server-handle-next-server-request
> test
Evaluating tasks: test:test
Running task... Cancel: sbt.server.ServerTaskCancellation@2f3ca4d1, check cycles: false

Initial source changes: 
	removed:Set()
	added: Set()
	modified: Set()
Removed products: Set()
External API changes: API Changes: Set()
Modified binary dependencies: Set()
Initial directly invalidated sources: Set()

Sources indirectly invalidated by:
	product: Set()
	binary dep: Set()
	external source: Set()
All initially invalidated sources: Set()

Copy resource mappings: 
	

Initial source changes: 
	removed:Set()
	added: Set()
	modified: Set(C:\Users\s-pairinguser\hello-scala\src\test\scala\RomanSpec.scala)
Removed products: Set()
External API changes: API Changes: Set()
Modified binary dependencies: Set()
Initial directly invalidated sources: Set(C:\Users\s-pairinguser\hello-scala\src\test\scala\RomanSpec.scala)

Sources indirectly invalidated by:
	product: Set()
	binary dep: Set()
	external source: Set()
All initially invalidated sources: Set(C:\Users\s-pairinguser\hello-scala\src\test\scala\RomanSpec.scala)

Recompiling all 1 sources: invalidated sources (1) exceeded 50.0% of all sources
Read from stdout: Compiling 1 Scala source to C:\Users\s-pairinguser\hello-scala\target\scala-2.11\test-classes...
Compiling 1 Scala source to C:\Users\s-pairinguser\hello-scala\target\scala-2.11\test-classes...
Getting compiler-interface from component compiler for Scala 2.11.6
Other repositories:
Default repositories:
Getting compiler-interface from component compiler for Scala 2.11.6
Other repositories:
Default repositories:
Running cached compiler 3004baef, interfacing (CompilerInterface) with Scala compiler version 2.11.6
Calling Scala compiler with arguments  (CompilerInterface):
	-bootclasspath
	C:\Program Files\Java\jdk1.6.0_45\jre\lib\resources.jar;C:\Program Files\Java\jdk1.6.0_45\jre\lib\rt.jar;C:\Program Files\Java\jdk1.6.0_45\jre\lib\sunrsasign.jar;C:\Program Files\Java\jdk1.6.0_45\jre\lib\jsse.jar;C:\Program Files\Java\jdk1.6.0_45\jre\lib\jce.jar;C:\Program Files\Java\jdk1.6.0_45\jre\lib\charsets.jar;C:\Program Files\Java\jdk1.6.0_45\jre\lib\modules\jdk.boot.jar;C:\Program Files\Java\jdk1.6.0_45\jre\classes;C:\Users\s-pairinguser\.ivy2\cache\org.scala-lang\scala-library\jars\scala-library-2.11.6.jar
	-classpath
	C:\Users\s-pairinguser\hello-scala\target\scala-2.11\test-classes;C:\Users\s-pairinguser\hello-scala\target\scala-2.11\classes;C:\Users\s-pairinguser\.ivy2\cache\org.scalatest\scalatest_2.11\bundles\scalatest_2.11-2.2.4.jar;C:\Users\s-pairinguser\.ivy2\cache\org.scala-lang\scala-reflect\jars\scala-reflect-2.11.2.jar;C:\Users\s-pairinguser\.ivy2\cache\org.scala-lang.modules\scala-xml_2.11\bundles\scala-xml_2.11-1.0.2.jar
Scala compilation took 1.606810469 s
New invalidations:
	Set()
Initial set of included nodes: Set()
Previously invalidated, but (transitively) depend on new invalidations:
	Set()
All newly invalidated sources after taking into account (previously) recompiled sources:Set()
Copy resource mappings: 
	
Framework implementation 'org.scalacheck.ScalaCheckFramework' not present.
Framework implementation 'org.specs2.runner.Specs2Framework' not present.
Framework implementation 'org.specs2.runner.SpecsFramework' not present.
Framework implementation 'org.specs.runner.SpecsFramework' not present.
Framework implementation 'com.novocode.junit.JUnitFramework' not present.
Subclass fingerprints: List((org.scalatest.Suite,false,org.scalatest.tools.Framework$$anon$1@2609990d))
Annotation fingerprints: List((org.scalatest.WrapWith,false,org.scalatest.tools.Framework$$anon$2@401f37fd))
Running TaskDef(RomanSpec, org.scalatest.tools.Framework$$anon$1@2609990d, false, [SuiteSelector])
Read from stdout: RomanSpec:
Read from stdout: 1
Read from stdout: - should I
Read from stdout: 2
Read from stdout: - should II *** FAILED ***
Read from stdout: "I[]" did not equal "I[I]" (RomanSpec.scala:9)
RomanSpec:
1
- should I
2
- should II *** FAILED ***
  "I[]" did not equal "I[I]" (RomanSpec.scala:9)
Read from stdout: Run completed in 189 milliseconds.
Read from stdout: Total number of tests run: 2
Read from stdout: Suites: completed 1, aborted 0
Read from stdout: Tests: succeeded 1, failed 1, canceled 0, ignored 0, pending 0
Read from stdout: *** 1 TEST FAILED ***
Run completed in 189 milliseconds.
Total number of tests run: 2
Suites: completed 1, aborted 0
Tests: succeeded 1, failed 1, canceled 0, ignored 0, pending 0
*** 1 TEST FAILED ***
Read from stdout: Failed tests:
Failed tests:
Read from stdout: 	RomanSpec
	RomanSpec
Read from stdout: (test:test) sbt.TestsFailedException: Tests unsuccessful
(test:test) sbt.TestsFailedException: Tests unsuccessful
Total time: 2 s, completed Jul 24, 2015 3:46:37 PM
> server-post-command-error-handler
> server-post-command-cleanup
> server-handle-next-server-request
> compile
Evaluating tasks: compile:compile
Running task... Cancel: sbt.server.ServerTaskCancellation@69764a78, check cycles: false

Initial source changes: 
	removed:Set()
	added: Set()
	modified: Set(C:\Users\s-pairinguser\hello-scala\src\main\scala\Roman.scala)
Removed products: Set()
External API changes: API Changes: Set()
Modified binary dependencies: Set()
Initial directly invalidated sources: Set(C:\Users\s-pairinguser\hello-scala\src\main\scala\Roman.scala)

Sources indirectly invalidated by:
	product: Set()
	binary dep: Set()
	external source: Set()
All initially invalidated sources: Set(C:\Users\s-pairinguser\hello-scala\src\main\scala\Roman.scala)

Recompiling all 1 sources: invalidated sources (1) exceeded 50.0% of all sources
Read from stdout: Compiling 1 Scala source to C:\Users\s-pairinguser\hello-scala\target\scala-2.11\classes...
Compiling 1 Scala source to C:\Users\s-pairinguser\hello-scala\target\scala-2.11\classes...
Getting compiler-interface from component compiler for Scala 2.11.6
Other repositories:
Default repositories:
Getting compiler-interface from component compiler for Scala 2.11.6
Other repositories:
Default repositories:
Running cached compiler 1c76b9da, interfacing (CompilerInterface) with Scala compiler version 2.11.6
Calling Scala compiler with arguments  (CompilerInterface):
	-bootclasspath
	C:\Program Files\Java\jdk1.6.0_45\jre\lib\resources.jar;C:\Program Files\Java\jdk1.6.0_45\jre\lib\rt.jar;C:\Program Files\Java\jdk1.6.0_45\jre\lib\sunrsasign.jar;C:\Program Files\Java\jdk1.6.0_45\jre\lib\jsse.jar;C:\Program Files\Java\jdk1.6.0_45\jre\lib\jce.jar;C:\Program Files\Java\jdk1.6.0_45\jre\lib\charsets.jar;C:\Program Files\Java\jdk1.6.0_45\jre\lib\modules\jdk.boot.jar;C:\Program Files\Java\jdk1.6.0_45\jre\classes;C:\Users\s-pairinguser\.ivy2\cache\org.scala-lang\scala-library\jars\scala-library-2.11.6.jar
	-classpath
	C:\Users\s-pairinguser\hello-scala\target\scala-2.11\classes
Scala compilation took 0.337307561 s
New invalidations:
	Set()
Initial set of included nodes: Set()
Previously invalidated, but (transitively) depend on new invalidations:
	Set()
All newly invalidated sources after taking into account (previously) recompiled sources:Set()
Total time: 0 s, completed Jul 24, 2015 3:49:26 PM
> server-post-command-cleanup
> server-handle-next-server-request
> test
Evaluating tasks: test:test
Running task... Cancel: sbt.server.ServerTaskCancellation@7dd1725b, check cycles: false

Initial source changes: 
	removed:Set()
	added: Set()
	modified: Set()
Removed products: Set()
External API changes: API Changes: Set()
Modified binary dependencies: Set()
Initial directly invalidated sources: Set()

Sources indirectly invalidated by:
	product: Set()
	binary dep: Set()
	external source: Set()
All initially invalidated sources: Set()

Copy resource mappings: 
	

Initial source changes: 
	removed:Set()
	added: Set()
	modified: Set()
Removed products: Set()
External API changes: API Changes: Set()
Modified binary dependencies: Set()
Initial directly invalidated sources: Set()

Sources indirectly invalidated by:
	product: Set()
	binary dep: Set()
	external source: Set()
All initially invalidated sources: Set()

Copy resource mappings: 
	
Framework implementation 'org.scalacheck.ScalaCheckFramework' not present.
Framework implementation 'org.specs2.runner.Specs2Framework' not present.
Framework implementation 'org.specs2.runner.SpecsFramework' not present.
Framework implementation 'org.specs.runner.SpecsFramework' not present.
Framework implementation 'com.novocode.junit.JUnitFramework' not present.
Subclass fingerprints: List((org.scalatest.Suite,false,org.scalatest.tools.Framework$$anon$1@438e1b3e))
Annotation fingerprints: List((org.scalatest.WrapWith,false,org.scalatest.tools.Framework$$anon$2@269ea618))
Running TaskDef(RomanSpec, org.scalatest.tools.Framework$$anon$1@438e1b3e, false, [SuiteSelector])
Read from stdout: RomanSpec:
Read from stdout: 1
Read from stdout: - should I
Read from stdout: 2
Read from stdout: - should II
RomanSpec:
1
- should I
2
- should II
Read from stdout: Run completed in 164 milliseconds.
Read from stdout: Total number of tests run: 2
Read from stdout: Suites: completed 1, aborted 0
Read from stdout: Tests: succeeded 2, failed 0, canceled 0, ignored 0, pending 0
Read from stdout: All tests passed.
Run completed in 164 milliseconds.
Total number of tests run: 2
Suites: completed 1, aborted 0
Tests: succeeded 2, failed 0, canceled 0, ignored 0, pending 0
All tests passed.
Passed tests:
	RomanSpec
Total time: 0 s, completed Jul 24, 2015 3:49:27 PM
> server-post-command-cleanup
> server-handle-next-server-request
> compile
Evaluating tasks: compile:compile
Running task... Cancel: sbt.server.ServerTaskCancellation@13cd6d16, check cycles: false

Initial source changes: 
	removed:Set()
	added: Set()
	modified: Set(C:\Users\s-pairinguser\hello-scala\src\main\scala\Roman.scala)
Removed products: Set()
External API changes: API Changes: Set()
Modified binary dependencies: Set()
Initial directly invalidated sources: Set(C:\Users\s-pairinguser\hello-scala\src\main\scala\Roman.scala)

Sources indirectly invalidated by:
	product: Set()
	binary dep: Set()
	external source: Set()
All initially invalidated sources: Set(C:\Users\s-pairinguser\hello-scala\src\main\scala\Roman.scala)

Recompiling all 1 sources: invalidated sources (1) exceeded 50.0% of all sources
Read from stdout: Compiling 1 Scala source to C:\Users\s-pairinguser\hello-scala\target\scala-2.11\classes...
Compiling 1 Scala source to C:\Users\s-pairinguser\hello-scala\target\scala-2.11\classes...
Getting compiler-interface from component compiler for Scala 2.11.6
Other repositories:
Default repositories:
Getting compiler-interface from component compiler for Scala 2.11.6
Other repositories:
Default repositories:
Running cached compiler 1aac727c, interfacing (CompilerInterface) with Scala compiler version 2.11.6
Calling Scala compiler with arguments  (CompilerInterface):
	-bootclasspath
	C:\Program Files\Java\jdk1.6.0_45\jre\lib\resources.jar;C:\Program Files\Java\jdk1.6.0_45\jre\lib\rt.jar;C:\Program Files\Java\jdk1.6.0_45\jre\lib\sunrsasign.jar;C:\Program Files\Java\jdk1.6.0_45\jre\lib\jsse.jar;C:\Program Files\Java\jdk1.6.0_45\jre\lib\jce.jar;C:\Program Files\Java\jdk1.6.0_45\jre\lib\charsets.jar;C:\Program Files\Java\jdk1.6.0_45\jre\lib\modules\jdk.boot.jar;C:\Program Files\Java\jdk1.6.0_45\jre\classes;C:\Users\s-pairinguser\.ivy2\cache\org.scala-lang\scala-library\jars\scala-library-2.11.6.jar
	-classpath
	C:\Users\s-pairinguser\hello-scala\target\scala-2.11\classes
Scala compilation took 0.269954774 s
New invalidations:
	Set()
Initial set of included nodes: Set()
Previously invalidated, but (transitively) depend on new invalidations:
	Set()
All newly invalidated sources after taking into account (previously) recompiled sources:Set()
Total time: 0 s, completed Jul 24, 2015 3:50:15 PM
> server-post-command-cleanup
> server-handle-next-server-request
> test
Evaluating tasks: test:test
Running task... Cancel: sbt.server.ServerTaskCancellation@31ff309f, check cycles: false

Initial source changes: 
	removed:Set()
	added: Set()
	modified: Set()
Removed products: Set()
External API changes: API Changes: Set()
Modified binary dependencies: Set()
Initial directly invalidated sources: Set()

Sources indirectly invalidated by:
	product: Set()
	binary dep: Set()
	external source: Set()
All initially invalidated sources: Set()

Copy resource mappings: 
	

Initial source changes: 
	removed:Set()
	added: Set()
	modified: Set()
Removed products: Set()
External API changes: API Changes: Set()
Modified binary dependencies: Set()
Initial directly invalidated sources: Set()

Sources indirectly invalidated by:
	product: Set()
	binary dep: Set()
	external source: Set()
All initially invalidated sources: Set()

Copy resource mappings: 
	
Framework implementation 'org.scalacheck.ScalaCheckFramework' not present.
Framework implementation 'org.specs2.runner.Specs2Framework' not present.
Framework implementation 'org.specs2.runner.SpecsFramework' not present.
Framework implementation 'org.specs.runner.SpecsFramework' not present.
Framework implementation 'com.novocode.junit.JUnitFramework' not present.
Subclass fingerprints: List((org.scalatest.Suite,false,org.scalatest.tools.Framework$$anon$1@357c4ab7))
Annotation fingerprints: List((org.scalatest.WrapWith,false,org.scalatest.tools.Framework$$anon$2@730d4fcf))
Running TaskDef(RomanSpec, org.scalatest.tools.Framework$$anon$1@357c4ab7, false, [SuiteSelector])
Read from stdout: RomanSpec:
Read from stdout: 1
Read from stdout: - should I
Read from stdout: 2
Read from stdout: - should II
RomanSpec:
1
- should I
2
- should II
Read from stdout: Run completed in 164 milliseconds.
Read from stdout: Total number of tests run: 2
Read from stdout: Suites: completed 1, aborted 0
Read from stdout: Tests: succeeded 2, failed 0, canceled 0, ignored 0, pending 0
Read from stdout: All tests passed.
Run completed in 164 milliseconds.
Total number of tests run: 2
Suites: completed 1, aborted 0
Tests: succeeded 2, failed 0, canceled 0, ignored 0, pending 0
All tests passed.
Passed tests:
	RomanSpec
Total time: 0 s, completed Jul 24, 2015 3:50:15 PM
> server-post-command-cleanup
> server-handle-next-server-request
> compile
Evaluating tasks: compile:compile
Running task... Cancel: sbt.server.ServerTaskCancellation@13836c80, check cycles: false

Initial source changes: 
	removed:Set()
	added: Set()
	modified: Set(C:\Users\s-pairinguser\hello-scala\src\main\scala\Roman.scala)
Removed products: Set()
External API changes: API Changes: Set()
Modified binary dependencies: Set()
Initial directly invalidated sources: Set(C:\Users\s-pairinguser\hello-scala\src\main\scala\Roman.scala)

Sources indirectly invalidated by:
	product: Set()
	binary dep: Set()
	external source: Set()
All initially invalidated sources: Set(C:\Users\s-pairinguser\hello-scala\src\main\scala\Roman.scala)

Recompiling all 1 sources: invalidated sources (1) exceeded 50.0% of all sources
Read from stdout: Compiling 1 Scala source to C:\Users\s-pairinguser\hello-scala\target\scala-2.11\classes...
Compiling 1 Scala source to C:\Users\s-pairinguser\hello-scala\target\scala-2.11\classes...
Getting compiler-interface from component compiler for Scala 2.11.6
Other repositories:
Default repositories:
Getting compiler-interface from component compiler for Scala 2.11.6
Other repositories:
Default repositories:
Running cached compiler 4731fa4b, interfacing (CompilerInterface) with Scala compiler version 2.11.6
Calling Scala compiler with arguments  (CompilerInterface):
	-bootclasspath
	C:\Program Files\Java\jdk1.6.0_45\jre\lib\resources.jar;C:\Program Files\Java\jdk1.6.0_45\jre\lib\rt.jar;C:\Program Files\Java\jdk1.6.0_45\jre\lib\sunrsasign.jar;C:\Program Files\Java\jdk1.6.0_45\jre\lib\jsse.jar;C:\Program Files\Java\jdk1.6.0_45\jre\lib\jce.jar;C:\Program Files\Java\jdk1.6.0_45\jre\lib\charsets.jar;C:\Program Files\Java\jdk1.6.0_45\jre\lib\modules\jdk.boot.jar;C:\Program Files\Java\jdk1.6.0_45\jre\classes;C:\Users\s-pairinguser\.ivy2\cache\org.scala-lang\scala-library\jars\scala-library-2.11.6.jar
	-classpath
	C:\Users\s-pairinguser\hello-scala\target\scala-2.11\classes
Scala compilation took 0.242152488 s
New invalidations:
	Set()
Initial set of included nodes: Set()
Previously invalidated, but (transitively) depend on new invalidations:
	Set()
All newly invalidated sources after taking into account (previously) recompiled sources:Set()
Total time: 0 s, completed Jul 24, 2015 3:50:32 PM
> server-post-command-cleanup
> server-handle-next-server-request
> test
Evaluating tasks: test:test
Running task... Cancel: sbt.server.ServerTaskCancellation@2190419, check cycles: false

Initial source changes: 
	removed:Set()
	added: Set()
	modified: Set()
Removed products: Set()
External API changes: API Changes: Set()
Modified binary dependencies: Set()
Initial directly invalidated sources: Set()

Sources indirectly invalidated by:
	product: Set()
	binary dep: Set()
	external source: Set()
All initially invalidated sources: Set()

Copy resource mappings: 
	

Initial source changes: 
	removed:Set()
	added: Set()
	modified: Set()
Removed products: Set()
External API changes: API Changes: Set()
Modified binary dependencies: Set()
Initial directly invalidated sources: Set()

Sources indirectly invalidated by:
	product: Set()
	binary dep: Set()
	external source: Set()
All initially invalidated sources: Set()

Copy resource mappings: 
	
Framework implementation 'org.scalacheck.ScalaCheckFramework' not present.
Framework implementation 'org.specs2.runner.Specs2Framework' not present.
Framework implementation 'org.specs2.runner.SpecsFramework' not present.
Framework implementation 'org.specs.runner.SpecsFramework' not present.
Framework implementation 'com.novocode.junit.JUnitFramework' not present.
Subclass fingerprints: List((org.scalatest.Suite,false,org.scalatest.tools.Framework$$anon$1@55830d39))
Annotation fingerprints: List((org.scalatest.WrapWith,false,org.scalatest.tools.Framework$$anon$2@ed9450b))
Running TaskDef(RomanSpec, org.scalatest.tools.Framework$$anon$1@55830d39, false, [SuiteSelector])
Read from stdout: RomanSpec:
Read from stdout: 1
Read from stdout: - should I
Read from stdout: 2
Read from stdout: - should II
RomanSpec:
1
- should I
2
- should II
Read from stdout: Run completed in 162 milliseconds.
Read from stdout: Total number of tests run: 2
Read from stdout: Suites: completed 1, aborted 0
Read from stdout: Tests: succeeded 2, failed 0, canceled 0, ignored 0, pending 0
Read from stdout: All tests passed.
Run completed in 162 milliseconds.
Total number of tests run: 2
Suites: completed 1, aborted 0
Tests: succeeded 2, failed 0, canceled 0, ignored 0, pending 0
All tests passed.
Passed tests:
	RomanSpec
Total time: 0 s, completed Jul 24, 2015 3:50:33 PM
> server-post-command-cleanup
> server-handle-next-server-request
> compile
Evaluating tasks: compile:compile
Running task... Cancel: sbt.server.ServerTaskCancellation@d36bad6, check cycles: false

Initial source changes: 
	removed:Set()
	added: Set()
	modified: Set()
Removed products: Set()
External API changes: API Changes: Set()
Modified binary dependencies: Set()
Initial directly invalidated sources: Set()

Sources indirectly invalidated by:
	product: Set()
	binary dep: Set()
	external source: Set()
All initially invalidated sources: Set()

Total time: 0 s, completed Jul 24, 2015 3:51:33 PM
> server-post-command-cleanup
> server-handle-next-server-request
> test
Evaluating tasks: test:test
Running task... Cancel: sbt.server.ServerTaskCancellation@33f134b1, check cycles: false

Initial source changes: 
	removed:Set()
	added: Set()
	modified: Set()
Removed products: Set()
External API changes: API Changes: Set()
Modified binary dependencies: Set()
Initial directly invalidated sources: Set()

Sources indirectly invalidated by:
	product: Set()
	binary dep: Set()
	external source: Set()
All initially invalidated sources: Set()

Copy resource mappings: 
	

Initial source changes: 
	removed:Set()
	added: Set()
	modified: Set(C:\Users\s-pairinguser\hello-scala\src\test\scala\RomanSpec.scala)
Removed products: Set()
External API changes: API Changes: Set()
Modified binary dependencies: Set()
Initial directly invalidated sources: Set(C:\Users\s-pairinguser\hello-scala\src\test\scala\RomanSpec.scala)

Sources indirectly invalidated by:
	product: Set()
	binary dep: Set()
	external source: Set()
All initially invalidated sources: Set(C:\Users\s-pairinguser\hello-scala\src\test\scala\RomanSpec.scala)

Recompiling all 1 sources: invalidated sources (1) exceeded 50.0% of all sources
Read from stdout: Compiling 1 Scala source to C:\Users\s-pairinguser\hello-scala\target\scala-2.11\test-classes...
Compiling 1 Scala source to C:\Users\s-pairinguser\hello-scala\target\scala-2.11\test-classes...
Getting compiler-interface from component compiler for Scala 2.11.6
Other repositories:
Default repositories:
Getting compiler-interface from component compiler for Scala 2.11.6
Other repositories:
Default repositories:
Running cached compiler 2f173a25, interfacing (CompilerInterface) with Scala compiler version 2.11.6
Calling Scala compiler with arguments  (CompilerInterface):
	-bootclasspath
	C:\Program Files\Java\jdk1.6.0_45\jre\lib\resources.jar;C:\Program Files\Java\jdk1.6.0_45\jre\lib\rt.jar;C:\Program Files\Java\jdk1.6.0_45\jre\lib\sunrsasign.jar;C:\Program Files\Java\jdk1.6.0_45\jre\lib\jsse.jar;C:\Program Files\Java\jdk1.6.0_45\jre\lib\jce.jar;C:\Program Files\Java\jdk1.6.0_45\jre\lib\charsets.jar;C:\Program Files\Java\jdk1.6.0_45\jre\lib\modules\jdk.boot.jar;C:\Program Files\Java\jdk1.6.0_45\jre\classes;C:\Users\s-pairinguser\.ivy2\cache\org.scala-lang\scala-library\jars\scala-library-2.11.6.jar
	-classpath
	C:\Users\s-pairinguser\hello-scala\target\scala-2.11\test-classes;C:\Users\s-pairinguser\hello-scala\target\scala-2.11\classes;C:\Users\s-pairinguser\.ivy2\cache\org.scalatest\scalatest_2.11\bundles\scalatest_2.11-2.2.4.jar;C:\Users\s-pairinguser\.ivy2\cache\org.scala-lang\scala-reflect\jars\scala-reflect-2.11.2.jar;C:\Users\s-pairinguser\.ivy2\cache\org.scala-lang.modules\scala-xml_2.11\bundles\scala-xml_2.11-1.0.2.jar
Scala compilation took 1.172534033 s
New invalidations:
	Set()
Initial set of included nodes: Set()
Previously invalidated, but (transitively) depend on new invalidations:
	Set()
All newly invalidated sources after taking into account (previously) recompiled sources:Set()
Copy resource mappings: 
	
Framework implementation 'org.scalacheck.ScalaCheckFramework' not present.
Framework implementation 'org.specs2.runner.Specs2Framework' not present.
Framework implementation 'org.specs2.runner.SpecsFramework' not present.
Framework implementation 'org.specs.runner.SpecsFramework' not present.
Framework implementation 'com.novocode.junit.JUnitFramework' not present.
Subclass fingerprints: List((org.scalatest.Suite,false,org.scalatest.tools.Framework$$anon$1@71ed0e8e))
Annotation fingerprints: List((org.scalatest.WrapWith,false,org.scalatest.tools.Framework$$anon$2@256c711))
Running TaskDef(RomanSpec, org.scalatest.tools.Framework$$anon$1@71ed0e8e, false, [SuiteSelector])
Read from stdout: RomanSpec:
Read from stdout: 1
Read from stdout: - should I
Read from stdout: 2
Read from stdout: - should II
Read from stdout: 3
Read from stdout: - should III *** FAILED ***
Read from stdout: "I[]" did not equal "I[II]" (RomanSpec.scala:13)
RomanSpec:
1
- should I
2
- should II
3
- should III *** FAILED ***
  "I[]" did not equal "I[II]" (RomanSpec.scala:13)
Read from stdout: Run completed in 188 milliseconds.
Read from stdout: Total number of tests run: 3
Read from stdout: Suites: completed 1, aborted 0
Read from stdout: Tests: succeeded 2, failed 1, canceled 0, ignored 0, pending 0
Read from stdout: *** 1 TEST FAILED ***
Run completed in 188 milliseconds.
Total number of tests run: 3
Suites: completed 1, aborted 0
Tests: succeeded 2, failed 1, canceled 0, ignored 0, pending 0
*** 1 TEST FAILED ***
Read from stdout: Failed tests:
Failed tests:
Read from stdout: 	RomanSpec
	RomanSpec
Read from stdout: (test:test) sbt.TestsFailedException: Tests unsuccessful
(test:test) sbt.TestsFailedException: Tests unsuccessful
Total time: 2 s, completed Jul 24, 2015 3:51:35 PM
> server-post-command-error-handler
> server-post-command-cleanup
> server-handle-next-server-request
> compile
Evaluating tasks: compile:compile
Running task... Cancel: sbt.server.ServerTaskCancellation@ddaca00, check cycles: false

Initial source changes: 
	removed:Set()
	added: Set()
	modified: Set(C:\Users\s-pairinguser\hello-scala\src\main\scala\Roman.scala)
Removed products: Set()
External API changes: API Changes: Set()
Modified binary dependencies: Set()
Initial directly invalidated sources: Set(C:\Users\s-pairinguser\hello-scala\src\main\scala\Roman.scala)

Sources indirectly invalidated by:
	product: Set()
	binary dep: Set()
	external source: Set()
All initially invalidated sources: Set(C:\Users\s-pairinguser\hello-scala\src\main\scala\Roman.scala)

Recompiling all 1 sources: invalidated sources (1) exceeded 50.0% of all sources
Read from stdout: Compiling 1 Scala source to C:\Users\s-pairinguser\hello-scala\target\scala-2.11\classes...
Compiling 1 Scala source to C:\Users\s-pairinguser\hello-scala\target\scala-2.11\classes...
Getting compiler-interface from component compiler for Scala 2.11.6
Other repositories:
Default repositories:
Getting compiler-interface from component compiler for Scala 2.11.6
Other repositories:
Default repositories:
Running cached compiler 7a1064df, interfacing (CompilerInterface) with Scala compiler version 2.11.6
Calling Scala compiler with arguments  (CompilerInterface):
	-bootclasspath
	C:\Program Files\Java\jdk1.6.0_45\jre\lib\resources.jar;C:\Program Files\Java\jdk1.6.0_45\jre\lib\rt.jar;C:\Program Files\Java\jdk1.6.0_45\jre\lib\sunrsasign.jar;C:\Program Files\Java\jdk1.6.0_45\jre\lib\jsse.jar;C:\Program Files\Java\jdk1.6.0_45\jre\lib\jce.jar;C:\Program Files\Java\jdk1.6.0_45\jre\lib\charsets.jar;C:\Program Files\Java\jdk1.6.0_45\jre\lib\modules\jdk.boot.jar;C:\Program Files\Java\jdk1.6.0_45\jre\classes;C:\Users\s-pairinguser\.ivy2\cache\org.scala-lang\scala-library\jars\scala-library-2.11.6.jar
	-classpath
	C:\Users\s-pairinguser\hello-scala\target\scala-2.11\classes
Scala compilation took 0.188873351 s
New invalidations:
	Set()
Initial set of included nodes: Set()
Previously invalidated, but (transitively) depend on new invalidations:
	Set()
All newly invalidated sources after taking into account (previously) recompiled sources:Set()
Total time: 0 s, completed Jul 24, 2015 3:52:51 PM
> server-post-command-cleanup
> server-handle-next-server-request
> test
Evaluating tasks: test:test
Running task... Cancel: sbt.server.ServerTaskCancellation@695b29c2, check cycles: false

Initial source changes: 
	removed:Set()
	added: Set()
	modified: Set()
Removed products: Set()
External API changes: API Changes: Set()
Modified binary dependencies: Set()
Initial directly invalidated sources: Set()

Sources indirectly invalidated by:
	product: Set()
	binary dep: Set()
	external source: Set()
All initially invalidated sources: Set()

Copy resource mappings: 
	

Initial source changes: 
	removed:Set()
	added: Set()
	modified: Set()
Removed products: Set()
External API changes: API Changes: Set()
Modified binary dependencies: Set()
Initial directly invalidated sources: Set()

Sources indirectly invalidated by:
	product: Set()
	binary dep: Set()
	external source: Set()
All initially invalidated sources: Set()

Copy resource mappings: 
	
Framework implementation 'org.scalacheck.ScalaCheckFramework' not present.
Framework implementation 'org.specs2.runner.Specs2Framework' not present.
Framework implementation 'org.specs2.runner.SpecsFramework' not present.
Framework implementation 'org.specs.runner.SpecsFramework' not present.
Framework implementation 'com.novocode.junit.JUnitFramework' not present.
Subclass fingerprints: List((org.scalatest.Suite,false,org.scalatest.tools.Framework$$anon$1@58e83637))
Annotation fingerprints: List((org.scalatest.WrapWith,false,org.scalatest.tools.Framework$$anon$2@753f827a))
Running TaskDef(RomanSpec, org.scalatest.tools.Framework$$anon$1@58e83637, false, [SuiteSelector])
Read from stdout: RomanSpec:
Read from stdout: 1
Read from stdout: - should I
Read from stdout: 2
Read from stdout: - should II
Read from stdout: 3
Read from stdout: - should III
RomanSpec:
1
- should I
2
- should II
3
- should III
Read from stdout: Run completed in 166 milliseconds.
Read from stdout: Total number of tests run: 3
Read from stdout: Suites: completed 1, aborted 0
Read from stdout: Tests: succeeded 3, failed 0, canceled 0, ignored 0, pending 0
Read from stdout: All tests passed.
Run completed in 166 milliseconds.
Total number of tests run: 3
Suites: completed 1, aborted 0
Tests: succeeded 3, failed 0, canceled 0, ignored 0, pending 0
All tests passed.
Passed tests:
	RomanSpec
Total time: 0 s, completed Jul 24, 2015 3:52:52 PM
> server-post-command-cleanup
> server-handle-next-server-request
> compile
Evaluating tasks: compile:compile
Running task... Cancel: sbt.server.ServerTaskCancellation@103e0909, check cycles: false

Initial source changes: 
	removed:Set()
	added: Set()
	modified: Set()
Removed products: Set()
External API changes: API Changes: Set()
Modified binary dependencies: Set()
Initial directly invalidated sources: Set()

Sources indirectly invalidated by:
	product: Set()
	binary dep: Set()
	external source: Set()
All initially invalidated sources: Set()

Total time: 0 s, completed Jul 24, 2015 3:53:00 PM
> server-post-command-cleanup
> server-handle-next-server-request
> test
Evaluating tasks: test:test
Running task... Cancel: sbt.server.ServerTaskCancellation@150bddfd, check cycles: false

Initial source changes: 
	removed:Set()
	added: Set()
	modified: Set()
Removed products: Set()
External API changes: API Changes: Set()
Modified binary dependencies: Set()
Initial directly invalidated sources: Set()

Sources indirectly invalidated by:
	product: Set()
	binary dep: Set()
	external source: Set()
All initially invalidated sources: Set()

Copy resource mappings: 
	

Initial source changes: 
	removed:Set()
	added: Set()
	modified: Set()
Removed products: Set()
External API changes: API Changes: Set()
Modified binary dependencies: Set()
Initial directly invalidated sources: Set()

Sources indirectly invalidated by:
	product: Set()
	binary dep: Set()
	external source: Set()
All initially invalidated sources: Set()

Copy resource mappings: 
	
Framework implementation 'org.scalacheck.ScalaCheckFramework' not present.
Framework implementation 'org.specs2.runner.Specs2Framework' not present.
Framework implementation 'org.specs2.runner.SpecsFramework' not present.
Framework implementation 'org.specs.runner.SpecsFramework' not present.
Framework implementation 'com.novocode.junit.JUnitFramework' not present.
Subclass fingerprints: List((org.scalatest.Suite,false,org.scalatest.tools.Framework$$anon$1@500015cd))
Annotation fingerprints: List((org.scalatest.WrapWith,false,org.scalatest.tools.Framework$$anon$2@35976ec3))
Running TaskDef(RomanSpec, org.scalatest.tools.Framework$$anon$1@500015cd, false, [SuiteSelector])
Read from stdout: RomanSpec:
Read from stdout: 1
Read from stdout: - should I
Read from stdout: 2
Read from stdout: - should II
Read from stdout: 3
Read from stdout: - should III
RomanSpec:
1
- should I
2
- should II
3
- should III
Read from stdout: Run completed in 153 milliseconds.
Read from stdout: Total number of tests run: 3
Read from stdout: Suites: completed 1, aborted 0
Read from stdout: Tests: succeeded 3, failed 0, canceled 0, ignored 0, pending 0
Read from stdout: All tests passed.
Run completed in 153 milliseconds.
Total number of tests run: 3
Suites: completed 1, aborted 0
Tests: succeeded 3, failed 0, canceled 0, ignored 0, pending 0
All tests passed.
Passed tests:
	RomanSpec
Total time: 0 s, completed Jul 24, 2015 3:53:01 PM
> server-post-command-cleanup
> server-handle-next-server-request
> compile
Evaluating tasks: compile:compile
Running task... Cancel: sbt.server.ServerTaskCancellation@4845d9d8, check cycles: false

Initial source changes: 
	removed:Set()
	added: Set()
	modified: Set()
Removed products: Set()
External API changes: API Changes: Set()
Modified binary dependencies: Set()
Initial directly invalidated sources: Set()

Sources indirectly invalidated by:
	product: Set()
	binary dep: Set()
	external source: Set()
All initially invalidated sources: Set()

Total time: 0 s, completed Jul 24, 2015 3:53:31 PM
> server-post-command-cleanup
> server-handle-next-server-request
> test
Evaluating tasks: test:test
Running task... Cancel: sbt.server.ServerTaskCancellation@6a4efd48, check cycles: false

Initial source changes: 
	removed:Set()
	added: Set()
	modified: Set()
Removed products: Set()
External API changes: API Changes: Set()
Modified binary dependencies: Set()
Initial directly invalidated sources: Set()

Sources indirectly invalidated by:
	product: Set()
	binary dep: Set()
	external source: Set()
All initially invalidated sources: Set()

Copy resource mappings: 
	

Initial source changes: 
	removed:Set()
	added: Set()
	modified: Set()
Removed products: Set()
External API changes: API Changes: Set()
Modified binary dependencies: Set()
Initial directly invalidated sources: Set()

Sources indirectly invalidated by:
	product: Set()
	binary dep: Set()
	external source: Set()
All initially invalidated sources: Set()

Copy resource mappings: 
	
Framework implementation 'org.scalacheck.ScalaCheckFramework' not present.
Framework implementation 'org.specs2.runner.Specs2Framework' not present.
Framework implementation 'org.specs2.runner.SpecsFramework' not present.
Framework implementation 'org.specs.runner.SpecsFramework' not present.
Framework implementation 'com.novocode.junit.JUnitFramework' not present.
Subclass fingerprints: List((org.scalatest.Suite,false,org.scalatest.tools.Framework$$anon$1@9d25dcf))
Annotation fingerprints: List((org.scalatest.WrapWith,false,org.scalatest.tools.Framework$$anon$2@520cc612))
Running TaskDef(RomanSpec, org.scalatest.tools.Framework$$anon$1@9d25dcf, false, [SuiteSelector])
Read from stdout: RomanSpec:
Read from stdout: 1
Read from stdout: - should I
Read from stdout: 2
Read from stdout: - should II
Read from stdout: 3
Read from stdout: - should III
RomanSpec:
1
- should I
2
- should II
3
- should III
Read from stdout: Run completed in 160 milliseconds.
Read from stdout: Total number of tests run: 3
Read from stdout: Suites: completed 1, aborted 0
Read from stdout: Tests: succeeded 3, failed 0, canceled 0, ignored 0, pending 0
Read from stdout: All tests passed.
Run completed in 160 milliseconds.
Total number of tests run: 3
Suites: completed 1, aborted 0
Tests: succeeded 3, failed 0, canceled 0, ignored 0, pending 0
All tests passed.
Passed tests:
	RomanSpec
Total time: 0 s, completed Jul 24, 2015 3:53:31 PM
> server-post-command-cleanup
> server-handle-next-server-request
> compile
Evaluating tasks: compile:compile
Running task... Cancel: sbt.server.ServerTaskCancellation@6e782d03, check cycles: false

Initial source changes: 
	removed:Set()
	added: Set()
	modified: Set()
Removed products: Set()
External API changes: API Changes: Set()
Modified binary dependencies: Set()
Initial directly invalidated sources: Set()

Sources indirectly invalidated by:
	product: Set()
	binary dep: Set()
	external source: Set()
All initially invalidated sources: Set()

Total time: 0 s, completed Jul 24, 2015 3:55:37 PM
> server-post-command-cleanup
> server-handle-next-server-request
> test
Evaluating tasks: test:test
Running task... Cancel: sbt.server.ServerTaskCancellation@8c9c6e4, check cycles: false

Initial source changes: 
	removed:Set()
	added: Set()
	modified: Set()
Removed products: Set()
External API changes: API Changes: Set()
Modified binary dependencies: Set()
Initial directly invalidated sources: Set()

Sources indirectly invalidated by:
	product: Set()
	binary dep: Set()
	external source: Set()
All initially invalidated sources: Set()

Copy resource mappings: 
	

Initial source changes: 
	removed:Set()
	added: Set()
	modified: Set()
Removed products: Set()
External API changes: API Changes: Set()
Modified binary dependencies: Set()
Initial directly invalidated sources: Set()

Sources indirectly invalidated by:
	product: Set()
	binary dep: Set()
	external source: Set()
All initially invalidated sources: Set()

Copy resource mappings: 
	
Framework implementation 'org.scalacheck.ScalaCheckFramework' not present.
Framework implementation 'org.specs2.runner.Specs2Framework' not present.
Framework implementation 'org.specs2.runner.SpecsFramework' not present.
Framework implementation 'org.specs.runner.SpecsFramework' not present.
Framework implementation 'com.novocode.junit.JUnitFramework' not present.
Subclass fingerprints: List((org.scalatest.Suite,false,org.scalatest.tools.Framework$$anon$1@365174ad))
Annotation fingerprints: List((org.scalatest.WrapWith,false,org.scalatest.tools.Framework$$anon$2@1dc325b7))
Running TaskDef(RomanSpec, org.scalatest.tools.Framework$$anon$1@365174ad, false, [SuiteSelector])
Read from stdout: RomanSpec:
Read from stdout: 1
Read from stdout: - should I
Read from stdout: 2
Read from stdout: - should II
Read from stdout: 3
Read from stdout: - should III
RomanSpec:
1
- should I
2
- should II
3
- should III
Read from stdout: Run completed in 159 milliseconds.
Read from stdout: Total number of tests run: 3
Read from stdout: Suites: completed 1, aborted 0
Read from stdout: Tests: succeeded 3, failed 0, canceled 0, ignored 0, pending 0
Read from stdout: All tests passed.
Run completed in 159 milliseconds.
Total number of tests run: 3
Suites: completed 1, aborted 0
Tests: succeeded 3, failed 0, canceled 0, ignored 0, pending 0
All tests passed.
Passed tests:
	RomanSpec
Total time: 0 s, completed Jul 24, 2015 3:55:38 PM
> server-post-command-cleanup
> server-handle-next-server-request
> compile
Evaluating tasks: compile:compile
Running task... Cancel: sbt.server.ServerTaskCancellation@62ef0f3a, check cycles: false

Initial source changes: 
	removed:Set()
	added: Set()
	modified: Set(C:\Users\s-pairinguser\hello-scala\src\main\scala\Roman.scala)
Removed products: Set()
External API changes: API Changes: Set()
Modified binary dependencies: Set()
Initial directly invalidated sources: Set(C:\Users\s-pairinguser\hello-scala\src\main\scala\Roman.scala)

Sources indirectly invalidated by:
	product: Set()
	binary dep: Set()
	external source: Set()
All initially invalidated sources: Set(C:\Users\s-pairinguser\hello-scala\src\main\scala\Roman.scala)

Recompiling all 1 sources: invalidated sources (1) exceeded 50.0% of all sources
Read from stdout: Compiling 1 Scala source to C:\Users\s-pairinguser\hello-scala\target\scala-2.11\classes...
Compiling 1 Scala source to C:\Users\s-pairinguser\hello-scala\target\scala-2.11\classes...
Getting compiler-interface from component compiler for Scala 2.11.6
Other repositories:
Default repositories:
Getting compiler-interface from component compiler for Scala 2.11.6
Other repositories:
Default repositories:
Running cached compiler 531856ad, interfacing (CompilerInterface) with Scala compiler version 2.11.6
Calling Scala compiler with arguments  (CompilerInterface):
	-bootclasspath
	C:\Program Files\Java\jdk1.6.0_45\jre\lib\resources.jar;C:\Program Files\Java\jdk1.6.0_45\jre\lib\rt.jar;C:\Program Files\Java\jdk1.6.0_45\jre\lib\sunrsasign.jar;C:\Program Files\Java\jdk1.6.0_45\jre\lib\jsse.jar;C:\Program Files\Java\jdk1.6.0_45\jre\lib\jce.jar;C:\Program Files\Java\jdk1.6.0_45\jre\lib\charsets.jar;C:\Program Files\Java\jdk1.6.0_45\jre\lib\modules\jdk.boot.jar;C:\Program Files\Java\jdk1.6.0_45\jre\classes;C:\Users\s-pairinguser\.ivy2\cache\org.scala-lang\scala-library\jars\scala-library-2.11.6.jar
	-classpath
	C:\Users\s-pairinguser\hello-scala\target\scala-2.11\classes
Read from stdout: C:\Users\s-pairinguser\hello-scala\src\main\scala\Roman.scala:6: ambiguous reference to overloaded definition,
Read from stdout: both method to in class RichInt of type (end: Int, step: Int)scala.collection.immutable.Range.Inclusive
Read from stdout: and  method to in class RichInt of type (end: Int)scala.collection.immutable.Range.Inclusive
Read from stdout: match expected type ?
C:\Users\s-pairinguser\hello-scala\src\main\scala\Roman.scala:6: ambiguous reference to overloaded definition,
both method to in class RichInt of type (end: Int, step: Int)scala.collection.immutable.Range.Inclusive
and  method to in class RichInt of type (end: Int)scala.collection.immutable.Range.Inclusive
match expected type ?
Read from stdout: 1.to i {
      1.to i {
Read from stdout: ^
        ^
Read from stdout: C:\Users\s-pairinguser\hello-scala\src\main\scala\Roman.scala:7: not found: value retval
C:\Users\s-pairinguser\hello-scala\src\main\scala\Roman.scala:7: not found: value retval
Read from stdout: retval += 1
          retval += 1
Read from stdout: ^
          ^
Read from stdout: C:\Users\s-pairinguser\hello-scala\src\main\scala\Roman.scala:10: not found: value retval
C:\Users\s-pairinguser\hello-scala\src\main\scala\Roman.scala:10: not found: value retval
Read from stdout: retval;
      retval;
Read from stdout: ^
      ^
Read from stdout: three errors found
three errors found
Compilation failed (CompilerInterface)
Read from stdout: (compile:compileIncremental) Compilation failed
(compile:compileIncremental) Compilation failed
Total time: 0 s, completed Jul 24, 2015 3:56:35 PM
> server-post-command-error-handler
> server-post-command-cleanup
> server-handle-next-server-request
> compile
Evaluating tasks: compile:compile
Running task... Cancel: sbt.server.ServerTaskCancellation@1598469, check cycles: false

Initial source changes: 
	removed:Set()
	added: Set()
	modified: Set(C:\Users\s-pairinguser\hello-scala\src\main\scala\Roman.scala)
Removed products: Set()
External API changes: API Changes: Set()
Modified binary dependencies: Set()
Initial directly invalidated sources: Set(C:\Users\s-pairinguser\hello-scala\src\main\scala\Roman.scala)

Sources indirectly invalidated by:
	product: Set()
	binary dep: Set()
	external source: Set()
All initially invalidated sources: Set(C:\Users\s-pairinguser\hello-scala\src\main\scala\Roman.scala)

Recompiling all 1 sources: invalidated sources (1) exceeded 50.0% of all sources
Read from stdout: Compiling 1 Scala source to C:\Users\s-pairinguser\hello-scala\target\scala-2.11\classes...
Compiling 1 Scala source to C:\Users\s-pairinguser\hello-scala\target\scala-2.11\classes...
Getting compiler-interface from component compiler for Scala 2.11.6
Other repositories:
Default repositories:
Getting compiler-interface from component compiler for Scala 2.11.6
Other repositories:
Default repositories:
Running cached compiler 178954a4, interfacing (CompilerInterface) with Scala compiler version 2.11.6
Calling Scala compiler with arguments  (CompilerInterface):
	-bootclasspath
	C:\Program Files\Java\jdk1.6.0_45\jre\lib\resources.jar;C:\Program Files\Java\jdk1.6.0_45\jre\lib\rt.jar;C:\Program Files\Java\jdk1.6.0_45\jre\lib\sunrsasign.jar;C:\Program Files\Java\jdk1.6.0_45\jre\lib\jsse.jar;C:\Program Files\Java\jdk1.6.0_45\jre\lib\jce.jar;C:\Program Files\Java\jdk1.6.0_45\jre\lib\charsets.jar;C:\Program Files\Java\jdk1.6.0_45\jre\lib\modules\jdk.boot.jar;C:\Program Files\Java\jdk1.6.0_45\jre\classes;C:\Users\s-pairinguser\.ivy2\cache\org.scala-lang\scala-library\jars\scala-library-2.11.6.jar
	-classpath
	C:\Users\s-pairinguser\hello-scala\target\scala-2.11\classes
Read from stdout: C:\Users\s-pairinguser\hello-scala\src\main\scala\Roman.scala:6: missing arguments for method fold in trait TraversableOnce;
Read from stdout: follow this method with `_' if you want to treat it as a partially applied function
C:\Users\s-pairinguser\hello-scala\src\main\scala\Roman.scala:6: missing arguments for method fold in trait TraversableOnce;
follow this method with `_' if you want to treat it as a partially applied function
Read from stdout: 1.to(i).map("I").fold()
      1.to(i).map("I").fold()
Read from stdout: ^
                           ^
Read from stdout: one error found
one error found
Compilation failed (CompilerInterface)
Read from stdout: (compile:compileIncremental) Compilation failed
(compile:compileIncremental) Compilation failed
Total time: 0 s, completed Jul 24, 2015 3:57:32 PM
> server-post-command-error-handler
> server-post-command-cleanup
> server-handle-next-server-request
> compile
Evaluating tasks: compile:compile
Running task... Cancel: sbt.server.ServerTaskCancellation@7f7d18c8, check cycles: false

Initial source changes: 
	removed:Set()
	added: Set()
	modified: Set(C:\Users\s-pairinguser\hello-scala\src\main\scala\Roman.scala)
Removed products: Set()
External API changes: API Changes: Set()
Modified binary dependencies: Set()
Initial directly invalidated sources: Set(C:\Users\s-pairinguser\hello-scala\src\main\scala\Roman.scala)

Sources indirectly invalidated by:
	product: Set()
	binary dep: Set()
	external source: Set()
All initially invalidated sources: Set(C:\Users\s-pairinguser\hello-scala\src\main\scala\Roman.scala)

Recompiling all 1 sources: invalidated sources (1) exceeded 50.0% of all sources
Read from stdout: Compiling 1 Scala source to C:\Users\s-pairinguser\hello-scala\target\scala-2.11\classes...
Compiling 1 Scala source to C:\Users\s-pairinguser\hello-scala\target\scala-2.11\classes...
Getting compiler-interface from component compiler for Scala 2.11.6
Other repositories:
Default repositories:
Getting compiler-interface from component compiler for Scala 2.11.6
Other repositories:
Default repositories:
Running cached compiler 590c994, interfacing (CompilerInterface) with Scala compiler version 2.11.6
Calling Scala compiler with arguments  (CompilerInterface):
	-bootclasspath
	C:\Program Files\Java\jdk1.6.0_45\jre\lib\resources.jar;C:\Program Files\Java\jdk1.6.0_45\jre\lib\rt.jar;C:\Program Files\Java\jdk1.6.0_45\jre\lib\sunrsasign.jar;C:\Program Files\Java\jdk1.6.0_45\jre\lib\jsse.jar;C:\Program Files\Java\jdk1.6.0_45\jre\lib\jce.jar;C:\Program Files\Java\jdk1.6.0_45\jre\lib\charsets.jar;C:\Program Files\Java\jdk1.6.0_45\jre\lib\modules\jdk.boot.jar;C:\Program Files\Java\jdk1.6.0_45\jre\classes;C:\Users\s-pairinguser\.ivy2\cache\org.scala-lang\scala-library\jars\scala-library-2.11.6.jar
	-classpath
	C:\Users\s-pairinguser\hello-scala\target\scala-2.11\classes
Read from stdout: C:\Users\s-pairinguser\hello-scala\src\main\scala\Roman.scala:6: missing arguments for method fold in trait TraversableOnce;
Read from stdout: follow this method with `_' if you want to treat it as a partially applied function
C:\Users\s-pairinguser\hello-scala\src\main\scala\Roman.scala:6: missing arguments for method fold in trait TraversableOnce;
follow this method with `_' if you want to treat it as a partially applied function
Read from stdout: 1.to(i).map("I").fold()
      1.to(i).map("I").fold()
Read from stdout: ^
                           ^
Read from stdout: one error found
one error found
Compilation failed (CompilerInterface)
Read from stdout: (compile:compileIncremental) Compilation failed
(compile:compileIncremental) Compilation failed
Total time: 0 s, completed Jul 24, 2015 3:57:58 PM
> server-post-command-error-handler
> server-post-command-cleanup
> server-handle-next-server-request
> compile
Evaluating tasks: compile:compile
Running task... Cancel: sbt.server.ServerTaskCancellation@3068ece8, check cycles: false

Initial source changes: 
	removed:Set()
	added: Set()
	modified: Set(C:\Users\s-pairinguser\hello-scala\src\main\scala\Roman.scala)
Removed products: Set()
External API changes: API Changes: Set()
Modified binary dependencies: Set()
Initial directly invalidated sources: Set(C:\Users\s-pairinguser\hello-scala\src\main\scala\Roman.scala)

Sources indirectly invalidated by:
	product: Set()
	binary dep: Set()
	external source: Set()
All initially invalidated sources: Set(C:\Users\s-pairinguser\hello-scala\src\main\scala\Roman.scala)

Recompiling all 1 sources: invalidated sources (1) exceeded 50.0% of all sources
Read from stdout: Compiling 1 Scala source to C:\Users\s-pairinguser\hello-scala\target\scala-2.11\classes...
Compiling 1 Scala source to C:\Users\s-pairinguser\hello-scala\target\scala-2.11\classes...
Getting compiler-interface from component compiler for Scala 2.11.6
Other repositories:
Default repositories:
Getting compiler-interface from component compiler for Scala 2.11.6
Other repositories:
Default repositories:
Running cached compiler 5a42330e, interfacing (CompilerInterface) with Scala compiler version 2.11.6
Calling Scala compiler with arguments  (CompilerInterface):
	-bootclasspath
	C:\Program Files\Java\jdk1.6.0_45\jre\lib\resources.jar;C:\Program Files\Java\jdk1.6.0_45\jre\lib\rt.jar;C:\Program Files\Java\jdk1.6.0_45\jre\lib\sunrsasign.jar;C:\Program Files\Java\jdk1.6.0_45\jre\lib\jsse.jar;C:\Program Files\Java\jdk1.6.0_45\jre\lib\jce.jar;C:\Program Files\Java\jdk1.6.0_45\jre\lib\charsets.jar;C:\Program Files\Java\jdk1.6.0_45\jre\lib\modules\jdk.boot.jar;C:\Program Files\Java\jdk1.6.0_45\jre\classes;C:\Users\s-pairinguser\.ivy2\cache\org.scala-lang\scala-library\jars\scala-library-2.11.6.jar
	-classpath
	C:\Users\s-pairinguser\hello-scala\target\scala-2.11\classes
Read from stdout: C:\Users\s-pairinguser\hello-scala\src\main\scala\Roman.scala:6: value join is not a member of scala.collection.immutable.IndexedSeq[Char]
C:\Users\s-pairinguser\hello-scala\src\main\scala\Roman.scala:6: value join is not a member of scala.collection.immutable.IndexedSeq[Char]
Read from stdout: 1.to(i).map("I").join()
      1.to(i).map("I").join()
Read from stdout: ^
                       ^
Read from stdout: one error found
one error found
Compilation failed (CompilerInterface)
Read from stdout: (compile:compileIncremental) Compilation failed
(compile:compileIncremental) Compilation failed
Total time: 0 s, completed Jul 24, 2015 3:59:05 PM
> server-post-command-error-handler
> server-post-command-cleanup
> server-handle-next-server-request
> compile
Evaluating tasks: compile:compile
Running task... Cancel: sbt.server.ServerTaskCancellation@4a7a152c, check cycles: false

Initial source changes: 
	removed:Set()
	added: Set()
	modified: Set(C:\Users\s-pairinguser\hello-scala\src\main\scala\Roman.scala)
Removed products: Set()
External API changes: API Changes: Set()
Modified binary dependencies: Set()
Initial directly invalidated sources: Set(C:\Users\s-pairinguser\hello-scala\src\main\scala\Roman.scala)

Sources indirectly invalidated by:
	product: Set()
	binary dep: Set()
	external source: Set()
All initially invalidated sources: Set(C:\Users\s-pairinguser\hello-scala\src\main\scala\Roman.scala)

Recompiling all 1 sources: invalidated sources (1) exceeded 50.0% of all sources
Read from stdout: Compiling 1 Scala source to C:\Users\s-pairinguser\hello-scala\target\scala-2.11\classes...
Compiling 1 Scala source to C:\Users\s-pairinguser\hello-scala\target\scala-2.11\classes...
Getting compiler-interface from component compiler for Scala 2.11.6
Other repositories:
Default repositories:
Getting compiler-interface from component compiler for Scala 2.11.6
Other repositories:
Default repositories:
Running cached compiler 723ee458, interfacing (CompilerInterface) with Scala compiler version 2.11.6
Calling Scala compiler with arguments  (CompilerInterface):
	-bootclasspath
	C:\Program Files\Java\jdk1.6.0_45\jre\lib\resources.jar;C:\Program Files\Java\jdk1.6.0_45\jre\lib\rt.jar;C:\Program Files\Java\jdk1.6.0_45\jre\lib\sunrsasign.jar;C:\Program Files\Java\jdk1.6.0_45\jre\lib\jsse.jar;C:\Program Files\Java\jdk1.6.0_45\jre\lib\jce.jar;C:\Program Files\Java\jdk1.6.0_45\jre\lib\charsets.jar;C:\Program Files\Java\jdk1.6.0_45\jre\lib\modules\jdk.boot.jar;C:\Program Files\Java\jdk1.6.0_45\jre\classes;C:\Users\s-pairinguser\.ivy2\cache\org.scala-lang\scala-library\jars\scala-library-2.11.6.jar
	-classpath
	C:\Users\s-pairinguser\hello-scala\target\scala-2.11\classes
Read from stdout: C:\Users\s-pairinguser\hello-scala\src\main\scala\Roman.scala:6: missing parameter type for expanded function ((x$1, x$2) => x$1.$plus(x$2))
C:\Users\s-pairinguser\hello-scala\src\main\scala\Roman.scala:6: missing parameter type for expanded function ((x$1, x$2) => x$1.$plus(x$2))
Read from stdout: 1.to(i).map("I").fold(_+_)
      1.to(i).map("I").fold(_+_)
Read from stdout: ^
                            ^
Read from stdout: C:\Users\s-pairinguser\hello-scala\src\main\scala\Roman.scala:6: missing parameter type for expanded function ((x$1: <error>, x$2) => x$1.$plus(x$2))
C:\Users\s-pairinguser\hello-scala\src\main\scala\Roman.scala:6: missing parameter type for expanded function ((x$1: <error>, x$2) => x$1.$plus(x$2))
Read from stdout: 1.to(i).map("I").fold(_+_)
      1.to(i).map("I").fold(_+_)
Read from stdout: ^
                              ^
Read from stdout: C:\Users\s-pairinguser\hello-scala\src\main\scala\Roman.scala:6: missing arguments for method fold in trait TraversableOnce;
Read from stdout: follow this method with `_' if you want to treat it as a partially applied function
C:\Users\s-pairinguser\hello-scala\src\main\scala\Roman.scala:6: missing arguments for method fold in trait TraversableOnce;
follow this method with `_' if you want to treat it as a partially applied function
Read from stdout: 1.to(i).map("I").fold(_+_)
      1.to(i).map("I").fold(_+_)
Read from stdout: ^
                           ^
Read from stdout: three errors found
three errors found
Compilation failed (CompilerInterface)
Read from stdout: (compile:compileIncremental) Compilation failed
(compile:compileIncremental) Compilation failed
Total time: 0 s, completed Jul 24, 2015 4:00:37 PM
> server-post-command-error-handler
> server-post-command-cleanup
> server-handle-next-server-request
> compile
Evaluating tasks: compile:compile
Running task... Cancel: sbt.server.ServerTaskCancellation@21c1f2c0, check cycles: false

Initial source changes: 
	removed:Set()
	added: Set()
	modified: Set(C:\Users\s-pairinguser\hello-scala\src\main\scala\Roman.scala)
Removed products: Set()
External API changes: API Changes: Set()
Modified binary dependencies: Set()
Initial directly invalidated sources: Set(C:\Users\s-pairinguser\hello-scala\src\main\scala\Roman.scala)

Sources indirectly invalidated by:
	product: Set()
	binary dep: Set()
	external source: Set()
All initially invalidated sources: Set(C:\Users\s-pairinguser\hello-scala\src\main\scala\Roman.scala)

Recompiling all 1 sources: invalidated sources (1) exceeded 50.0% of all sources
Read from stdout: Compiling 1 Scala source to C:\Users\s-pairinguser\hello-scala\target\scala-2.11\classes...
Compiling 1 Scala source to C:\Users\s-pairinguser\hello-scala\target\scala-2.11\classes...
Getting compiler-interface from component compiler for Scala 2.11.6
Other repositories:
Default repositories:
Getting compiler-interface from component compiler for Scala 2.11.6
Other repositories:
Default repositories:
Running cached compiler 72f4cfd4, interfacing (CompilerInterface) with Scala compiler version 2.11.6
Calling Scala compiler with arguments  (CompilerInterface):
	-bootclasspath
	C:\Program Files\Java\jdk1.6.0_45\jre\lib\resources.jar;C:\Program Files\Java\jdk1.6.0_45\jre\lib\rt.jar;C:\Program Files\Java\jdk1.6.0_45\jre\lib\sunrsasign.jar;C:\Program Files\Java\jdk1.6.0_45\jre\lib\jsse.jar;C:\Program Files\Java\jdk1.6.0_45\jre\lib\jce.jar;C:\Program Files\Java\jdk1.6.0_45\jre\lib\charsets.jar;C:\Program Files\Java\jdk1.6.0_45\jre\lib\modules\jdk.boot.jar;C:\Program Files\Java\jdk1.6.0_45\jre\classes;C:\Users\s-pairinguser\.ivy2\cache\org.scala-lang\scala-library\jars\scala-library-2.11.6.jar
	-classpath
	C:\Users\s-pairinguser\hello-scala\target\scala-2.11\classes
Read from stdout: C:\Users\s-pairinguser\hello-scala\src\main\scala\Roman.scala:6: missing parameter type for expanded function ((x$1, x$2) => x$1.$plus(x$2))
C:\Users\s-pairinguser\hello-scala\src\main\scala\Roman.scala:6: missing parameter type for expanded function ((x$1, x$2) => x$1.$plus(x$2))
Read from stdout: 1.to(i).map("I").fold(_+_)
      1.to(i).map("I").fold(_+_)
Read from stdout: ^
                            ^
Read from stdout: C:\Users\s-pairinguser\hello-scala\src\main\scala\Roman.scala:6: missing parameter type for expanded function ((x$1: <error>, x$2) => x$1.$plus(x$2))
C:\Users\s-pairinguser\hello-scala\src\main\scala\Roman.scala:6: missing parameter type for expanded function ((x$1: <error>, x$2) => x$1.$plus(x$2))
Read from stdout: 1.to(i).map("I").fold(_+_)
      1.to(i).map("I").fold(_+_)
Read from stdout: ^
                              ^
Read from stdout: C:\Users\s-pairinguser\hello-scala\src\main\scala\Roman.scala:6: missing arguments for method fold in trait TraversableOnce;
Read from stdout: follow this method with `_' if you want to treat it as a partially applied function
C:\Users\s-pairinguser\hello-scala\src\main\scala\Roman.scala:6: missing arguments for method fold in trait TraversableOnce;
follow this method with `_' if you want to treat it as a partially applied function
Read from stdout: 1.to(i).map("I").fold(_+_)
      1.to(i).map("I").fold(_+_)
Read from stdout: ^
                           ^
Read from stdout: three errors found
three errors found
Compilation failed (CompilerInterface)
Read from stdout: (compile:compileIncremental) Compilation failed
(compile:compileIncremental) Compilation failed
Total time: 0 s, completed Jul 24, 2015 4:00:45 PM
> server-post-command-error-handler
> server-post-command-cleanup
> server-handle-next-server-request
> compile
Evaluating tasks: compile:compile
Running task... Cancel: sbt.server.ServerTaskCancellation@4a41d5e8, check cycles: false

Initial source changes: 
	removed:Set()
	added: Set()
	modified: Set(C:\Users\s-pairinguser\hello-scala\src\main\scala\Roman.scala)
Removed products: Set()
External API changes: API Changes: Set()
Modified binary dependencies: Set()
Initial directly invalidated sources: Set(C:\Users\s-pairinguser\hello-scala\src\main\scala\Roman.scala)

Sources indirectly invalidated by:
	product: Set()
	binary dep: Set()
	external source: Set()
All initially invalidated sources: Set(C:\Users\s-pairinguser\hello-scala\src\main\scala\Roman.scala)

Recompiling all 1 sources: invalidated sources (1) exceeded 50.0% of all sources
Read from stdout: Compiling 1 Scala source to C:\Users\s-pairinguser\hello-scala\target\scala-2.11\classes...
Compiling 1 Scala source to C:\Users\s-pairinguser\hello-scala\target\scala-2.11\classes...
Getting compiler-interface from component compiler for Scala 2.11.6
Other repositories:
Default repositories:
Getting compiler-interface from component compiler for Scala 2.11.6
Other repositories:
Default repositories:
Running cached compiler 3fd1295, interfacing (CompilerInterface) with Scala compiler version 2.11.6
Calling Scala compiler with arguments  (CompilerInterface):
	-bootclasspath
	C:\Program Files\Java\jdk1.6.0_45\jre\lib\resources.jar;C:\Program Files\Java\jdk1.6.0_45\jre\lib\rt.jar;C:\Program Files\Java\jdk1.6.0_45\jre\lib\sunrsasign.jar;C:\Program Files\Java\jdk1.6.0_45\jre\lib\jsse.jar;C:\Program Files\Java\jdk1.6.0_45\jre\lib\jce.jar;C:\Program Files\Java\jdk1.6.0_45\jre\lib\charsets.jar;C:\Program Files\Java\jdk1.6.0_45\jre\lib\modules\jdk.boot.jar;C:\Program Files\Java\jdk1.6.0_45\jre\classes;C:\Users\s-pairinguser\.ivy2\cache\org.scala-lang\scala-library\jars\scala-library-2.11.6.jar
	-classpath
	C:\Users\s-pairinguser\hello-scala\target\scala-2.11\classes
Read from stdout: C:\Users\s-pairinguser\hello-scala\src\main\scala\Roman.scala:6: type mismatch;
Read from stdout: found   : Any
Read from stdout: required: String
C:\Users\s-pairinguser\hello-scala\src\main\scala\Roman.scala:6: type mismatch;
 found   : Any
 required: String
Read from stdout: 1.to(i).map("I").fold("")(_+_)
      1.to(i).map("I").fold("")(_+_)
Read from stdout: ^
                                  ^
Read from stdout: C:\Users\s-pairinguser\hello-scala\src\main\scala\Roman.scala:6: type mismatch;
Read from stdout: found   : Any
Read from stdout: required: String
C:\Users\s-pairinguser\hello-scala\src\main\scala\Roman.scala:6: type mismatch;
 found   : Any
 required: String
Read from stdout: 1.to(i).map("I").fold("")(_+_)
      1.to(i).map("I").fold("")(_+_)
Read from stdout: ^
                           ^
Read from stdout: two errors found
two errors found
Compilation failed (CompilerInterface)
Read from stdout: (compile:compileIncremental) Compilation failed
(compile:compileIncremental) Compilation failed
Total time: 0 s, completed Jul 24, 2015 4:02:09 PM
> server-post-command-error-handler
> server-post-command-cleanup
> server-handle-next-server-request
> compile
Evaluating tasks: compile:compile
Running task... Cancel: sbt.server.ServerTaskCancellation@21e40749, check cycles: false

Initial source changes: 
	removed:Set()
	added: Set()
	modified: Set(C:\Users\s-pairinguser\hello-scala\src\main\scala\Roman.scala)
Removed products: Set()
External API changes: API Changes: Set()
Modified binary dependencies: Set()
Initial directly invalidated sources: Set(C:\Users\s-pairinguser\hello-scala\src\main\scala\Roman.scala)

Sources indirectly invalidated by:
	product: Set()
	binary dep: Set()
	external source: Set()
All initially invalidated sources: Set(C:\Users\s-pairinguser\hello-scala\src\main\scala\Roman.scala)

Recompiling all 1 sources: invalidated sources (1) exceeded 50.0% of all sources
Read from stdout: Compiling 1 Scala source to C:\Users\s-pairinguser\hello-scala\target\scala-2.11\classes...
Compiling 1 Scala source to C:\Users\s-pairinguser\hello-scala\target\scala-2.11\classes...
Getting compiler-interface from component compiler for Scala 2.11.6
Other repositories:
Default repositories:
Getting compiler-interface from component compiler for Scala 2.11.6
Other repositories:
Default repositories:
Running cached compiler 32f3e2f5, interfacing (CompilerInterface) with Scala compiler version 2.11.6
Calling Scala compiler with arguments  (CompilerInterface):
	-bootclasspath
	C:\Program Files\Java\jdk1.6.0_45\jre\lib\resources.jar;C:\Program Files\Java\jdk1.6.0_45\jre\lib\rt.jar;C:\Program Files\Java\jdk1.6.0_45\jre\lib\sunrsasign.jar;C:\Program Files\Java\jdk1.6.0_45\jre\lib\jsse.jar;C:\Program Files\Java\jdk1.6.0_45\jre\lib\jce.jar;C:\Program Files\Java\jdk1.6.0_45\jre\lib\charsets.jar;C:\Program Files\Java\jdk1.6.0_45\jre\lib\modules\jdk.boot.jar;C:\Program Files\Java\jdk1.6.0_45\jre\classes;C:\Users\s-pairinguser\.ivy2\cache\org.scala-lang\scala-library\jars\scala-library-2.11.6.jar
	-classpath
	C:\Users\s-pairinguser\hello-scala\target\scala-2.11\classes
Read from stdout: C:\Users\s-pairinguser\hello-scala\src\main\scala\Roman.scala:6: overloaded method value mkString with alternatives:
Read from stdout: => String <and>
Read from stdout: (sep: String)String <and>
Read from stdout: (start: String,sep: String,end: String)String
Read from stdout: cannot be applied to ()
C:\Users\s-pairinguser\hello-scala\src\main\scala\Roman.scala:6: overloaded method value mkString with alternatives:
  => String <and>
  (sep: String)String <and>
  (start: String,sep: String,end: String)String
 cannot be applied to ()
Read from stdout: 1.to(i).map("I").mkString()
      1.to(i).map("I").mkString()
Read from stdout: ^
                       ^
Read from stdout: one error found
one error found
Compilation failed (CompilerInterface)
Read from stdout: (compile:compileIncremental) Compilation failed
(compile:compileIncremental) Compilation failed
Total time: 0 s, completed Jul 24, 2015 4:04:23 PM
> server-post-command-error-handler
> server-post-command-cleanup
> server-handle-next-server-request
> compile
Evaluating tasks: compile:compile
Running task... Cancel: sbt.server.ServerTaskCancellation@35d92de8, check cycles: false

Initial source changes: 
	removed:Set()
	added: Set()
	modified: Set(C:\Users\s-pairinguser\hello-scala\src\main\scala\Roman.scala)
Removed products: Set()
External API changes: API Changes: Set()
Modified binary dependencies: Set()
Initial directly invalidated sources: Set(C:\Users\s-pairinguser\hello-scala\src\main\scala\Roman.scala)

Sources indirectly invalidated by:
	product: Set()
	binary dep: Set()
	external source: Set()
All initially invalidated sources: Set(C:\Users\s-pairinguser\hello-scala\src\main\scala\Roman.scala)

Recompiling all 1 sources: invalidated sources (1) exceeded 50.0% of all sources
Read from stdout: Compiling 1 Scala source to C:\Users\s-pairinguser\hello-scala\target\scala-2.11\classes...
Compiling 1 Scala source to C:\Users\s-pairinguser\hello-scala\target\scala-2.11\classes...
Getting compiler-interface from component compiler for Scala 2.11.6
Other repositories:
Default repositories:
Getting compiler-interface from component compiler for Scala 2.11.6
Other repositories:
Default repositories:
Running cached compiler 1028362b, interfacing (CompilerInterface) with Scala compiler version 2.11.6
Calling Scala compiler with arguments  (CompilerInterface):
	-bootclasspath
	C:\Program Files\Java\jdk1.6.0_45\jre\lib\resources.jar;C:\Program Files\Java\jdk1.6.0_45\jre\lib\rt.jar;C:\Program Files\Java\jdk1.6.0_45\jre\lib\sunrsasign.jar;C:\Program Files\Java\jdk1.6.0_45\jre\lib\jsse.jar;C:\Program Files\Java\jdk1.6.0_45\jre\lib\jce.jar;C:\Program Files\Java\jdk1.6.0_45\jre\lib\charsets.jar;C:\Program Files\Java\jdk1.6.0_45\jre\lib\modules\jdk.boot.jar;C:\Program Files\Java\jdk1.6.0_45\jre\classes;C:\Users\s-pairinguser\.ivy2\cache\org.scala-lang\scala-library\jars\scala-library-2.11.6.jar
	-classpath
	C:\Users\s-pairinguser\hello-scala\target\scala-2.11\classes
Scala compilation took 0.364619345 s
New invalidations:
	Set()
Initial set of included nodes: Set()
Previously invalidated, but (transitively) depend on new invalidations:
	Set()
All newly invalidated sources after taking into account (previously) recompiled sources:Set()
Total time: 0 s, completed Jul 24, 2015 4:04:49 PM
> server-post-command-cleanup
> server-handle-next-server-request
> test
Evaluating tasks: test:test
Running task... Cancel: sbt.server.ServerTaskCancellation@29fbd541, check cycles: false

Initial source changes: 
	removed:Set()
	added: Set()
	modified: Set()
Removed products: Set()
External API changes: API Changes: Set()
Modified binary dependencies: Set()
Initial directly invalidated sources: Set()

Sources indirectly invalidated by:
	product: Set()
	binary dep: Set()
	external source: Set()
All initially invalidated sources: Set()

Copy resource mappings: 
	

Initial source changes: 
	removed:Set()
	added: Set()
	modified: Set()
Removed products: Set()
External API changes: API Changes: Set()
Modified binary dependencies: Set()
Initial directly invalidated sources: Set()

Sources indirectly invalidated by:
	product: Set()
	binary dep: Set()
	external source: Set()
All initially invalidated sources: Set()

Copy resource mappings: 
	
Framework implementation 'org.scalacheck.ScalaCheckFramework' not present.
Framework implementation 'org.specs2.runner.Specs2Framework' not present.
Framework implementation 'org.specs2.runner.SpecsFramework' not present.
Framework implementation 'org.specs.runner.SpecsFramework' not present.
Framework implementation 'com.novocode.junit.JUnitFramework' not present.
Subclass fingerprints: List((org.scalatest.Suite,false,org.scalatest.tools.Framework$$anon$1@188ae8d3))
Annotation fingerprints: List((org.scalatest.WrapWith,false,org.scalatest.tools.Framework$$anon$2@47bb813b))
Running TaskDef(RomanSpec, org.scalatest.tools.Framework$$anon$1@188ae8d3, false, [SuiteSelector])
Read from stdout: RomanSpec:
Read from stdout: 1
Read from stdout: - should I *** FAILED ***
Read from stdout: java.lang.StringIndexOutOfBoundsException: String index out of range: 1
Read from stdout: at java.lang.String.charAt(String.java:686)
Read from stdout: at scala.collection.immutable.StringLike$class.apply(StringLike.scala:52)
Read from stdout: at scala.collection.immutable.WrappedString.apply(WrappedString.scala:33)
Read from stdout: at scala.collection.immutable.WrappedString.apply(WrappedString.scala:33)
Read from stdout: at scala.collection.TraversableLike$$anonfun$map$1.apply(TraversableLike.scala:245)
Read from stdout: at scala.collection.TraversableLike$$anonfun$map$1.apply(TraversableLike.scala:245)
Read from stdout: at scala.collection.immutable.Range.foreach(Range.scala:166)
Read from stdout: at scala.collection.TraversableLike$class.map(TraversableLike.scala:245)
Read from stdout: at scala.collection.AbstractTraversable.map(Traversable.scala:104)
Read from stdout: at Roman$.convertToRoman(Roman.scala:6)
Read from stdout: ...
Read from stdout: 2
Read from stdout: - should II *** FAILED ***
Read from stdout: java.lang.StringIndexOutOfBoundsException: String index out of range: 1
Read from stdout: at java.lang.String.charAt(String.java:686)
Read from stdout: at scala.collection.immutable.StringLike$class.apply(StringLike.scala:52)
Read from stdout: at scala.collection.immutable.WrappedString.apply(WrappedString.scala:33)
Read from stdout: at scala.collection.immutable.WrappedString.apply(WrappedString.scala:33)
Read from stdout: at scala.collection.TraversableLike$$anonfun$map$1.apply(TraversableLike.scala:245)
Read from stdout: at scala.collection.TraversableLike$$anonfun$map$1.apply(TraversableLike.scala:245)
Read from stdout: at scala.collection.immutable.Range.foreach(Range.scala:166)
Read from stdout: at scala.collection.TraversableLike$class.map(TraversableLike.scala:245)
Read from stdout: at scala.collection.AbstractTraversable.map(Traversable.scala:104)
Read from stdout: at Roman$.convertToRoman(Roman.scala:6)
Read from stdout: ...
Read from stdout: 3
Read from stdout: - should III *** FAILED ***
Read from stdout: java.lang.StringIndexOutOfBoundsException: String index out of range: 1
Read from stdout: at java.lang.String.charAt(String.java:686)
Read from stdout: at scala.collection.immutable.StringLike$class.apply(StringLike.scala:52)
Read from stdout: at scala.collection.immutable.WrappedString.apply(WrappedString.scala:33)
Read from stdout: at scala.collection.immutable.WrappedString.apply(WrappedString.scala:33)
Read from stdout: at scala.collection.TraversableLike$$anonfun$map$1.apply(TraversableLike.scala:245)
Read from stdout: at scala.collection.TraversableLike$$anonfun$map$1.apply(TraversableLike.scala:245)
Read from stdout: at scala.collection.immutable.Range.foreach(Range.scala:166)
Read from stdout: at scala.collection.TraversableLike$class.map(TraversableLike.scala:245)
Read from stdout: at scala.collection.AbstractTraversable.map(Traversable.scala:104)
Read from stdout: at Roman$.convertToRoman(Roman.scala:6)
Read from stdout: ...
RomanSpec:
1
- should I *** FAILED ***
  java.lang.StringIndexOutOfBoundsException: String index out of range: 1
  at java.lang.String.charAt(String.java:686)
  at scala.collection.immutable.StringLike$class.apply(StringLike.scala:52)
  at scala.collection.immutable.WrappedString.apply(WrappedString.scala:33)
  at scala.collection.immutable.WrappedString.apply(WrappedString.scala:33)
  at scala.collection.TraversableLike$$anonfun$map$1.apply(TraversableLike.scala:245)
  at scala.collection.TraversableLike$$anonfun$map$1.apply(TraversableLike.scala:245)
  at scala.collection.immutable.Range.foreach(Range.scala:166)
  at scala.collection.TraversableLike$class.map(TraversableLike.scala:245)
  at scala.collection.AbstractTraversable.map(Traversable.scala:104)
  at Roman$.convertToRoman(Roman.scala:6)
  ...
2
- should II *** FAILED ***
  java.lang.StringIndexOutOfBoundsException: String index out of range: 1
  at java.lang.String.charAt(String.java:686)
  at scala.collection.immutable.StringLike$class.apply(StringLike.scala:52)
  at scala.collection.immutable.WrappedString.apply(WrappedString.scala:33)
  at scala.collection.immutable.WrappedString.apply(WrappedString.scala:33)
  at scala.collection.TraversableLike$$anonfun$map$1.apply(TraversableLike.scala:245)
  at scala.collection.TraversableLike$$anonfun$map$1.apply(TraversableLike.scala:245)
  at scala.collection.immutable.Range.foreach(Range.scala:166)
  at scala.collection.TraversableLike$class.map(TraversableLike.scala:245)
  at scala.collection.AbstractTraversable.map(Traversable.scala:104)
  at Roman$.convertToRoman(Roman.scala:6)
  ...
3
- should III *** FAILED ***
  java.lang.StringIndexOutOfBoundsException: String index out of range: 1
  at java.lang.String.charAt(String.java:686)
  at scala.collection.immutable.StringLike$class.apply(StringLike.scala:52)
  at scala.collection.immutable.WrappedString.apply(WrappedString.scala:33)
  at scala.collection.immutable.WrappedString.apply(WrappedString.scala:33)
  at scala.collection.TraversableLike$$anonfun$map$1.apply(TraversableLike.scala:245)
  at scala.collection.TraversableLike$$anonfun$map$1.apply(TraversableLike.scala:245)
  at scala.collection.immutable.Range.foreach(Range.scala:166)
  at scala.collection.TraversableLike$class.map(TraversableLike.scala:245)
  at scala.collection.AbstractTraversable.map(Traversable.scala:104)
  at Roman$.convertToRoman(Roman.scala:6)
  ...
Read from stdout: Run completed in 201 milliseconds.
Read from stdout: Total number of tests run: 3
Read from stdout: Suites: completed 1, aborted 0
Read from stdout: Tests: succeeded 0, failed 3, canceled 0, ignored 0, pending 0
Read from stdout: *** 3 TESTS FAILED ***
Run completed in 201 milliseconds.
Total number of tests run: 3
Suites: completed 1, aborted 0
Tests: succeeded 0, failed 3, canceled 0, ignored 0, pending 0
*** 3 TESTS FAILED ***
Read from stdout: Failed tests:
Failed tests:
Read from stdout: 	RomanSpec
	RomanSpec
Read from stdout: (test:test) sbt.TestsFailedException: Tests unsuccessful
(test:test) sbt.TestsFailedException: Tests unsuccessful
Total time: 0 s, completed Jul 24, 2015 4:04:49 PM
> server-post-command-error-handler
> server-post-command-cleanup
> server-handle-next-server-request
> compile
Evaluating tasks: compile:compile
Running task... Cancel: sbt.server.ServerTaskCancellation@1971fe0d, check cycles: false

Initial source changes: 
	removed:Set()
	added: Set()
	modified: Set(C:\Users\s-pairinguser\hello-scala\src\main\scala\Roman.scala)
Removed products: Set()
External API changes: API Changes: Set()
Modified binary dependencies: Set()
Initial directly invalidated sources: Set(C:\Users\s-pairinguser\hello-scala\src\main\scala\Roman.scala)

Sources indirectly invalidated by:
	product: Set()
	binary dep: Set()
	external source: Set()
All initially invalidated sources: Set(C:\Users\s-pairinguser\hello-scala\src\main\scala\Roman.scala)

Recompiling all 1 sources: invalidated sources (1) exceeded 50.0% of all sources
Read from stdout: Compiling 1 Scala source to C:\Users\s-pairinguser\hello-scala\target\scala-2.11\classes...
Compiling 1 Scala source to C:\Users\s-pairinguser\hello-scala\target\scala-2.11\classes...
Getting compiler-interface from component compiler for Scala 2.11.6
Other repositories:
Default repositories:
Getting compiler-interface from component compiler for Scala 2.11.6
Other repositories:
Default repositories:
Running cached compiler 4ceb0577, interfacing (CompilerInterface) with Scala compiler version 2.11.6
Calling Scala compiler with arguments  (CompilerInterface):
	-bootclasspath
	C:\Program Files\Java\jdk1.6.0_45\jre\lib\resources.jar;C:\Program Files\Java\jdk1.6.0_45\jre\lib\rt.jar;C:\Program Files\Java\jdk1.6.0_45\jre\lib\sunrsasign.jar;C:\Program Files\Java\jdk1.6.0_45\jre\lib\jsse.jar;C:\Program Files\Java\jdk1.6.0_45\jre\lib\jce.jar;C:\Program Files\Java\jdk1.6.0_45\jre\lib\charsets.jar;C:\Program Files\Java\jdk1.6.0_45\jre\lib\modules\jdk.boot.jar;C:\Program Files\Java\jdk1.6.0_45\jre\classes;C:\Users\s-pairinguser\.ivy2\cache\org.scala-lang\scala-library\jars\scala-library-2.11.6.jar
	-classpath
	C:\Users\s-pairinguser\hello-scala\target\scala-2.11\classes
Scala compilation took 0.342283822 s
New invalidations:
	Set()
Initial set of included nodes: Set()
Previously invalidated, but (transitively) depend on new invalidations:
	Set()
All newly invalidated sources after taking into account (previously) recompiled sources:Set()
Total time: 0 s, completed Jul 24, 2015 4:05:07 PM
> server-post-command-cleanup
> server-handle-next-server-request
> test
Evaluating tasks: test:test
Running task... Cancel: sbt.server.ServerTaskCancellation@28fdab6f, check cycles: false

Initial source changes: 
	removed:Set()
	added: Set()
	modified: Set()
Removed products: Set()
External API changes: API Changes: Set()
Modified binary dependencies: Set()
Initial directly invalidated sources: Set()

Sources indirectly invalidated by:
	product: Set()
	binary dep: Set()
	external source: Set()
All initially invalidated sources: Set()

Copy resource mappings: 
	

Initial source changes: 
	removed:Set()
	added: Set()
	modified: Set()
Removed products: Set()
External API changes: API Changes: Set()
Modified binary dependencies: Set()
Initial directly invalidated sources: Set()

Sources indirectly invalidated by:
	product: Set()
	binary dep: Set()
	external source: Set()
All initially invalidated sources: Set()

Copy resource mappings: 
	
Framework implementation 'org.scalacheck.ScalaCheckFramework' not present.
Framework implementation 'org.specs2.runner.Specs2Framework' not present.
Framework implementation 'org.specs2.runner.SpecsFramework' not present.
Framework implementation 'org.specs.runner.SpecsFramework' not present.
Framework implementation 'com.novocode.junit.JUnitFramework' not present.
Subclass fingerprints: List((org.scalatest.Suite,false,org.scalatest.tools.Framework$$anon$1@52bfed39))
Annotation fingerprints: List((org.scalatest.WrapWith,false,org.scalatest.tools.Framework$$anon$2@366f63a0))
Running TaskDef(RomanSpec, org.scalatest.tools.Framework$$anon$1@52bfed39, false, [SuiteSelector])
Read from stdout: RomanSpec:
Read from stdout: 1
Read from stdout: - should I *** FAILED ***
Read from stdout: java.lang.StringIndexOutOfBoundsException: String index out of range: 1
Read from stdout: at java.lang.String.charAt(String.java:686)
Read from stdout: at scala.collection.immutable.StringLike$class.apply(StringLike.scala:52)
Read from stdout: at scala.collection.immutable.WrappedString.apply(WrappedString.scala:33)
Read from stdout: at scala.collection.immutable.WrappedString.apply(WrappedString.scala:33)
Read from stdout: at scala.collection.TraversableLike$$anonfun$map$1.apply(TraversableLike.scala:245)
Read from stdout: at scala.collection.TraversableLike$$anonfun$map$1.apply(TraversableLike.scala:245)
Read from stdout: at scala.collection.immutable.Range.foreach(Range.scala:166)
Read from stdout: at scala.collection.TraversableLike$class.map(TraversableLike.scala:245)
Read from stdout: at scala.collection.AbstractTraversable.map(Traversable.scala:104)
Read from stdout: at Roman$.convertToRoman(Roman.scala:6)
Read from stdout: ...
Read from stdout: 2
Read from stdout: - should II *** FAILED ***
Read from stdout: java.lang.StringIndexOutOfBoundsException: String index out of range: 1
Read from stdout: at java.lang.String.charAt(String.java:686)
Read from stdout: at scala.collection.immutable.StringLike$class.apply(StringLike.scala:52)
Read from stdout: at scala.collection.immutable.WrappedString.apply(WrappedString.scala:33)
Read from stdout: at scala.collection.immutable.WrappedString.apply(WrappedString.scala:33)
Read from stdout: at scala.collection.TraversableLike$$anonfun$map$1.apply(TraversableLike.scala:245)
Read from stdout: at scala.collection.TraversableLike$$anonfun$map$1.apply(TraversableLike.scala:245)
Read from stdout: at scala.collection.immutable.Range.foreach(Range.scala:166)
Read from stdout: at scala.collection.TraversableLike$class.map(TraversableLike.scala:245)
Read from stdout: at scala.collection.AbstractTraversable.map(Traversable.scala:104)
Read from stdout: at Roman$.convertToRoman(Roman.scala:6)
Read from stdout: ...
Read from stdout: 3
Read from stdout: - should III *** FAILED ***
Read from stdout: java.lang.StringIndexOutOfBoundsException: String index out of range: 1
Read from stdout: at java.lang.String.charAt(String.java:686)
Read from stdout: at scala.collection.immutable.StringLike$class.apply(StringLike.scala:52)
Read from stdout: at scala.collection.immutable.WrappedString.apply(WrappedString.scala:33)
Read from stdout: at scala.collection.immutable.WrappedString.apply(WrappedString.scala:33)
Read from stdout: at scala.collection.TraversableLike$$anonfun$map$1.apply(TraversableLike.scala:245)
Read from stdout: at scala.collection.TraversableLike$$anonfun$map$1.apply(TraversableLike.scala:245)
Read from stdout: at scala.collection.immutable.Range.foreach(Range.scala:166)
Read from stdout: at scala.collection.TraversableLike$class.map(TraversableLike.scala:245)
Read from stdout: at scala.collection.AbstractTraversable.map(Traversable.scala:104)
Read from stdout: at Roman$.convertToRoman(Roman.scala:6)
Read from stdout: ...
RomanSpec:
1
- should I *** FAILED ***
  java.lang.StringIndexOutOfBoundsException: String index out of range: 1
  at java.lang.String.charAt(String.java:686)
  at scala.collection.immutable.StringLike$class.apply(StringLike.scala:52)
  at scala.collection.immutable.WrappedString.apply(WrappedString.scala:33)
  at scala.collection.immutable.WrappedString.apply(WrappedString.scala:33)
  at scala.collection.TraversableLike$$anonfun$map$1.apply(TraversableLike.scala:245)
  at scala.collection.TraversableLike$$anonfun$map$1.apply(TraversableLike.scala:245)
  at scala.collection.immutable.Range.foreach(Range.scala:166)
  at scala.collection.TraversableLike$class.map(TraversableLike.scala:245)
  at scala.collection.AbstractTraversable.map(Traversable.scala:104)
  at Roman$.convertToRoman(Roman.scala:6)
  ...
2
- should II *** FAILED ***
  java.lang.StringIndexOutOfBoundsException: String index out of range: 1
  at java.lang.String.charAt(String.java:686)
  at scala.collection.immutable.StringLike$class.apply(StringLike.scala:52)
  at scala.collection.immutable.WrappedString.apply(WrappedString.scala:33)
  at scala.collection.immutable.WrappedString.apply(WrappedString.scala:33)
  at scala.collection.TraversableLike$$anonfun$map$1.apply(TraversableLike.scala:245)
  at scala.collection.TraversableLike$$anonfun$map$1.apply(TraversableLike.scala:245)
  at scala.collection.immutable.Range.foreach(Range.scala:166)
  at scala.collection.TraversableLike$class.map(TraversableLike.scala:245)
  at scala.collection.AbstractTraversable.map(Traversable.scala:104)
  at Roman$.convertToRoman(Roman.scala:6)
  ...
3
- should III *** FAILED ***
  java.lang.StringIndexOutOfBoundsException: String index out of range: 1
  at java.lang.String.charAt(String.java:686)
  at scala.collection.immutable.StringLike$class.apply(StringLike.scala:52)
  at scala.collection.immutable.WrappedString.apply(WrappedString.scala:33)
  at scala.collection.immutable.WrappedString.apply(WrappedString.scala:33)
  at scala.collection.TraversableLike$$anonfun$map$1.apply(TraversableLike.scala:245)
  at scala.collection.TraversableLike$$anonfun$map$1.apply(TraversableLike.scala:245)
  at scala.collection.immutable.Range.foreach(Range.scala:166)
  at scala.collection.TraversableLike$class.map(TraversableLike.scala:245)
  at scala.collection.AbstractTraversable.map(Traversable.scala:104)
  at Roman$.convertToRoman(Roman.scala:6)
  ...
Read from stdout: Run completed in 178 milliseconds.
Read from stdout: Total number of tests run: 3
Read from stdout: Suites: completed 1, aborted 0
Read from stdout: Tests: succeeded 0, failed 3, canceled 0, ignored 0, pending 0
Read from stdout: *** 3 TESTS FAILED ***
Run completed in 178 milliseconds.
Total number of tests run: 3
Suites: completed 1, aborted 0
Tests: succeeded 0, failed 3, canceled 0, ignored 0, pending 0
*** 3 TESTS FAILED ***
Read from stdout: Failed tests:
Failed tests:
Read from stdout: 	RomanSpec
	RomanSpec
Read from stdout: (test:test) sbt.TestsFailedException: Tests unsuccessful
(test:test) sbt.TestsFailedException: Tests unsuccessful
Total time: 0 s, completed Jul 24, 2015 4:05:08 PM
> server-post-command-error-handler
> server-post-command-cleanup
> server-handle-next-server-request
> compile
Evaluating tasks: compile:compile
Running task... Cancel: sbt.server.ServerTaskCancellation@13732bcf, check cycles: false

Initial source changes: 
	removed:Set()
	added: Set()
	modified: Set()
Removed products: Set()
External API changes: API Changes: Set()
Modified binary dependencies: Set()
Initial directly invalidated sources: Set()

Sources indirectly invalidated by:
	product: Set()
	binary dep: Set()
	external source: Set()
All initially invalidated sources: Set()

Total time: 0 s, completed Jul 24, 2015 4:05:18 PM
> server-post-command-cleanup
> server-handle-next-server-request
> test
Evaluating tasks: test:test
Running task... Cancel: sbt.server.ServerTaskCancellation@4fd05d3b, check cycles: false

Initial source changes: 
	removed:Set()
	added: Set()
	modified: Set()
Removed products: Set()
External API changes: API Changes: Set()
Modified binary dependencies: Set()
Initial directly invalidated sources: Set()

Sources indirectly invalidated by:
	product: Set()
	binary dep: Set()
	external source: Set()
All initially invalidated sources: Set()

Copy resource mappings: 
	

Initial source changes: 
	removed:Set()
	added: Set()
	modified: Set()
Removed products: Set()
External API changes: API Changes: Set()
Modified binary dependencies: Set()
Initial directly invalidated sources: Set()

Sources indirectly invalidated by:
	product: Set()
	binary dep: Set()
	external source: Set()
All initially invalidated sources: Set()

Copy resource mappings: 
	
Framework implementation 'org.scalacheck.ScalaCheckFramework' not present.
Framework implementation 'org.specs2.runner.Specs2Framework' not present.
Framework implementation 'org.specs2.runner.SpecsFramework' not present.
Framework implementation 'org.specs.runner.SpecsFramework' not present.
Framework implementation 'com.novocode.junit.JUnitFramework' not present.
Subclass fingerprints: List((org.scalatest.Suite,false,org.scalatest.tools.Framework$$anon$1@6c7e095a))
Annotation fingerprints: List((org.scalatest.WrapWith,false,org.scalatest.tools.Framework$$anon$2@46982b5b))
Running TaskDef(RomanSpec, org.scalatest.tools.Framework$$anon$1@6c7e095a, false, [SuiteSelector])
Read from stdout: RomanSpec:
Read from stdout: 1
Read from stdout: - should I *** FAILED ***
Read from stdout: java.lang.StringIndexOutOfBoundsException: String index out of range: 1
Read from stdout: at java.lang.String.charAt(String.java:686)
Read from stdout: at scala.collection.immutable.StringLike$class.apply(StringLike.scala:52)
Read from stdout: at scala.collection.immutable.WrappedString.apply(WrappedString.scala:33)
Read from stdout: at scala.collection.immutable.WrappedString.apply(WrappedString.scala:33)
Read from stdout: at scala.collection.TraversableLike$$anonfun$map$1.apply(TraversableLike.scala:245)
Read from stdout: at scala.collection.TraversableLike$$anonfun$map$1.apply(TraversableLike.scala:245)
Read from stdout: at scala.collection.immutable.Range.foreach(Range.scala:166)
Read from stdout: at scala.collection.TraversableLike$class.map(TraversableLike.scala:245)
Read from stdout: at scala.collection.AbstractTraversable.map(Traversable.scala:104)
Read from stdout: at Roman$.convertToRoman(Roman.scala:6)
Read from stdout: ...
Read from stdout: 2
Read from stdout: - should II *** FAILED ***
Read from stdout: java.lang.StringIndexOutOfBoundsException: String index out of range: 1
Read from stdout: at java.lang.String.charAt(String.java:686)
Read from stdout: at scala.collection.immutable.StringLike$class.apply(StringLike.scala:52)
Read from stdout: at scala.collection.immutable.WrappedString.apply(WrappedString.scala:33)
Read from stdout: at scala.collection.immutable.WrappedString.apply(WrappedString.scala:33)
Read from stdout: at scala.collection.TraversableLike$$anonfun$map$1.apply(TraversableLike.scala:245)
Read from stdout: at scala.collection.TraversableLike$$anonfun$map$1.apply(TraversableLike.scala:245)
Read from stdout: at scala.collection.immutable.Range.foreach(Range.scala:166)
Read from stdout: at scala.collection.TraversableLike$class.map(TraversableLike.scala:245)
Read from stdout: at scala.collection.AbstractTraversable.map(Traversable.scala:104)
Read from stdout: at Roman$.convertToRoman(Roman.scala:6)
Read from stdout: ...
Read from stdout: 3
Read from stdout: - should III *** FAILED ***
Read from stdout: java.lang.StringIndexOutOfBoundsException: String index out of range: 1
Read from stdout: at java.lang.String.charAt(String.java:686)
Read from stdout: at scala.collection.immutable.StringLike$class.apply(StringLike.scala:52)
Read from stdout: at scala.collection.immutable.WrappedString.apply(WrappedString.scala:33)
Read from stdout: at scala.collection.immutable.WrappedString.apply(WrappedString.scala:33)
Read from stdout: at scala.collection.TraversableLike$$anonfun$map$1.apply(TraversableLike.scala:245)
Read from stdout: at scala.collection.TraversableLike$$anonfun$map$1.apply(TraversableLike.scala:245)
Read from stdout: at scala.collection.immutable.Range.foreach(Range.scala:166)
Read from stdout: at scala.collection.TraversableLike$class.map(TraversableLike.scala:245)
Read from stdout: at scala.collection.AbstractTraversable.map(Traversable.scala:104)
Read from stdout: at Roman$.convertToRoman(Roman.scala:6)
Read from stdout: ...
RomanSpec:
1
- should I *** FAILED ***
  java.lang.StringIndexOutOfBoundsException: String index out of range: 1
  at java.lang.String.charAt(String.java:686)
  at scala.collection.immutable.StringLike$class.apply(StringLike.scala:52)
  at scala.collection.immutable.WrappedString.apply(WrappedString.scala:33)
  at scala.collection.immutable.WrappedString.apply(WrappedString.scala:33)
  at scala.collection.TraversableLike$$anonfun$map$1.apply(TraversableLike.scala:245)
  at scala.collection.TraversableLike$$anonfun$map$1.apply(TraversableLike.scala:245)
  at scala.collection.immutable.Range.foreach(Range.scala:166)
  at scala.collection.TraversableLike$class.map(TraversableLike.scala:245)
  at scala.collection.AbstractTraversable.map(Traversable.scala:104)
  at Roman$.convertToRoman(Roman.scala:6)
  ...
2
- should II *** FAILED ***
  java.lang.StringIndexOutOfBoundsException: String index out of range: 1
  at java.lang.String.charAt(String.java:686)
  at scala.collection.immutable.StringLike$class.apply(StringLike.scala:52)
  at scala.collection.immutable.WrappedString.apply(WrappedString.scala:33)
  at scala.collection.immutable.WrappedString.apply(WrappedString.scala:33)
  at scala.collection.TraversableLike$$anonfun$map$1.apply(TraversableLike.scala:245)
  at scala.collection.TraversableLike$$anonfun$map$1.apply(TraversableLike.scala:245)
  at scala.collection.immutable.Range.foreach(Range.scala:166)
  at scala.collection.TraversableLike$class.map(TraversableLike.scala:245)
  at scala.collection.AbstractTraversable.map(Traversable.scala:104)
  at Roman$.convertToRoman(Roman.scala:6)
  ...
3
- should III *** FAILED ***
  java.lang.StringIndexOutOfBoundsException: String index out of range: 1
  at java.lang.String.charAt(String.java:686)
  at scala.collection.immutable.StringLike$class.apply(StringLike.scala:52)
  at scala.collection.immutable.WrappedString.apply(WrappedString.scala:33)
  at scala.collection.immutable.WrappedString.apply(WrappedString.scala:33)
  at scala.collection.TraversableLike$$anonfun$map$1.apply(TraversableLike.scala:245)
  at scala.collection.TraversableLike$$anonfun$map$1.apply(TraversableLike.scala:245)
  at scala.collection.immutable.Range.foreach(Range.scala:166)
  at scala.collection.TraversableLike$class.map(TraversableLike.scala:245)
  at scala.collection.AbstractTraversable.map(Traversable.scala:104)
  at Roman$.convertToRoman(Roman.scala:6)
  ...
Read from stdout: Run completed in 174 milliseconds.
Read from stdout: Total number of tests run: 3
Read from stdout: Suites: completed 1, aborted 0
Read from stdout: Tests: succeeded 0, failed 3, canceled 0, ignored 0, pending 0
Read from stdout: *** 3 TESTS FAILED ***
Run completed in 174 milliseconds.
Total number of tests run: 3
Suites: completed 1, aborted 0
Tests: succeeded 0, failed 3, canceled 0, ignored 0, pending 0
*** 3 TESTS FAILED ***
Read from stdout: Failed tests:
Failed tests:
Read from stdout: 	RomanSpec
	RomanSpec
Read from stdout: (test:test) sbt.TestsFailedException: Tests unsuccessful
(test:test) sbt.TestsFailedException: Tests unsuccessful
Total time: 0 s, completed Jul 24, 2015 4:05:18 PM
> server-post-command-error-handler
> server-post-command-cleanup
> server-handle-next-server-request
> compile
Evaluating tasks: compile:compile
Running task... Cancel: sbt.server.ServerTaskCancellation@52945e57, check cycles: false

Initial source changes: 
	removed:Set()
	added: Set()
	modified: Set(C:\Users\s-pairinguser\hello-scala\src\main\scala\Roman.scala)
Removed products: Set()
External API changes: API Changes: Set()
Modified binary dependencies: Set()
Initial directly invalidated sources: Set(C:\Users\s-pairinguser\hello-scala\src\main\scala\Roman.scala)

Sources indirectly invalidated by:
	product: Set()
	binary dep: Set()
	external source: Set()
All initially invalidated sources: Set(C:\Users\s-pairinguser\hello-scala\src\main\scala\Roman.scala)

Recompiling all 1 sources: invalidated sources (1) exceeded 50.0% of all sources
Read from stdout: Compiling 1 Scala source to C:\Users\s-pairinguser\hello-scala\target\scala-2.11\classes...
Compiling 1 Scala source to C:\Users\s-pairinguser\hello-scala\target\scala-2.11\classes...
Getting compiler-interface from component compiler for Scala 2.11.6
Other repositories:
Default repositories:
Getting compiler-interface from component compiler for Scala 2.11.6
Other repositories:
Default repositories:
Running cached compiler cd41408, interfacing (CompilerInterface) with Scala compiler version 2.11.6
Calling Scala compiler with arguments  (CompilerInterface):
	-bootclasspath
	C:\Program Files\Java\jdk1.6.0_45\jre\lib\resources.jar;C:\Program Files\Java\jdk1.6.0_45\jre\lib\rt.jar;C:\Program Files\Java\jdk1.6.0_45\jre\lib\sunrsasign.jar;C:\Program Files\Java\jdk1.6.0_45\jre\lib\jsse.jar;C:\Program Files\Java\jdk1.6.0_45\jre\lib\jce.jar;C:\Program Files\Java\jdk1.6.0_45\jre\lib\charsets.jar;C:\Program Files\Java\jdk1.6.0_45\jre\lib\modules\jdk.boot.jar;C:\Program Files\Java\jdk1.6.0_45\jre\classes;C:\Users\s-pairinguser\.ivy2\cache\org.scala-lang\scala-library\jars\scala-library-2.11.6.jar
	-classpath
	C:\Users\s-pairinguser\hello-scala\target\scala-2.11\classes
Scala compilation took 0.328362908 s
New invalidations:
	Set()
Initial set of included nodes: Set()
Previously invalidated, but (transitively) depend on new invalidations:
	Set()
All newly invalidated sources after taking into account (previously) recompiled sources:Set()
Total time: 0 s, completed Jul 24, 2015 4:05:32 PM
> server-post-command-cleanup
> server-handle-next-server-request
> test
Evaluating tasks: test:test
Running task... Cancel: sbt.server.ServerTaskCancellation@260be21e, check cycles: false

Initial source changes: 
	removed:Set()
	added: Set()
	modified: Set()
Removed products: Set()
External API changes: API Changes: Set()
Modified binary dependencies: Set()
Initial directly invalidated sources: Set()

Sources indirectly invalidated by:
	product: Set()
	binary dep: Set()
	external source: Set()
All initially invalidated sources: Set()

Copy resource mappings: 
	

Initial source changes: 
	removed:Set()
	added: Set()
	modified: Set()
Removed products: Set()
External API changes: API Changes: Set()
Modified binary dependencies: Set()
Initial directly invalidated sources: Set()

Sources indirectly invalidated by:
	product: Set()
	binary dep: Set()
	external source: Set()
All initially invalidated sources: Set()

Copy resource mappings: 
	
Framework implementation 'org.scalacheck.ScalaCheckFramework' not present.
Framework implementation 'org.specs2.runner.Specs2Framework' not present.
Framework implementation 'org.specs2.runner.SpecsFramework' not present.
Framework implementation 'org.specs.runner.SpecsFramework' not present.
Framework implementation 'com.novocode.junit.JUnitFramework' not present.
Subclass fingerprints: List((org.scalatest.Suite,false,org.scalatest.tools.Framework$$anon$1@647f3cbf))
Annotation fingerprints: List((org.scalatest.WrapWith,false,org.scalatest.tools.Framework$$anon$2@5d6d5324))
Running TaskDef(RomanSpec, org.scalatest.tools.Framework$$anon$1@647f3cbf, false, [SuiteSelector])
Read from stdout: RomanSpec:
Read from stdout: 1
Read from stdout: - should I
Read from stdout: 2
Read from stdout: - should II *** FAILED ***
Read from stdout: java.lang.StringIndexOutOfBoundsException: String index out of range: 1
Read from stdout: at java.lang.String.charAt(String.java:686)
Read from stdout: at scala.collection.immutable.StringLike$class.apply(StringLike.scala:52)
Read from stdout: at scala.collection.immutable.WrappedString.apply(WrappedString.scala:33)
Read from stdout: at scala.collection.immutable.WrappedString.apply(WrappedString.scala:33)
Read from stdout: at scala.collection.TraversableLike$$anonfun$map$1.apply(TraversableLike.scala:245)
Read from stdout: at scala.collection.TraversableLike$$anonfun$map$1.apply(TraversableLike.scala:245)
Read from stdout: at scala.collection.immutable.Range.foreach(Range.scala:166)
Read from stdout: at scala.collection.TraversableLike$class.map(TraversableLike.scala:245)
Read from stdout: at scala.collection.AbstractTraversable.map(Traversable.scala:104)
Read from stdout: at Roman$.convertToRoman(Roman.scala:6)
Read from stdout: ...
Read from stdout: 3
Read from stdout: - should III *** FAILED ***
Read from stdout: java.lang.StringIndexOutOfBoundsException: String index out of range: 1
Read from stdout: at java.lang.String.charAt(String.java:686)
Read from stdout: at scala.collection.immutable.StringLike$class.apply(StringLike.scala:52)
Read from stdout: at scala.collection.immutable.WrappedString.apply(WrappedString.scala:33)
Read from stdout: at scala.collection.immutable.WrappedString.apply(WrappedString.scala:33)
Read from stdout: at scala.collection.TraversableLike$$anonfun$map$1.apply(TraversableLike.scala:245)
Read from stdout: at scala.collection.TraversableLike$$anonfun$map$1.apply(TraversableLike.scala:245)
Read from stdout: at scala.collection.immutable.Range.foreach(Range.scala:166)
Read from stdout: at scala.collection.TraversableLike$class.map(TraversableLike.scala:245)
Read from stdout: at scala.collection.AbstractTraversable.map(Traversable.scala:104)
Read from stdout: at Roman$.convertToRoman(Roman.scala:6)
Read from stdout: ...
RomanSpec:
1
- should I
2
- should II *** FAILED ***
  java.lang.StringIndexOutOfBoundsException: String index out of range: 1
  at java.lang.String.charAt(String.java:686)
  at scala.collection.immutable.StringLike$class.apply(StringLike.scala:52)
  at scala.collection.immutable.WrappedString.apply(WrappedString.scala:33)
  at scala.collection.immutable.WrappedString.apply(WrappedString.scala:33)
  at scala.collection.TraversableLike$$anonfun$map$1.apply(TraversableLike.scala:245)
  at scala.collection.TraversableLike$$anonfun$map$1.apply(TraversableLike.scala:245)
  at scala.collection.immutable.Range.foreach(Range.scala:166)
  at scala.collection.TraversableLike$class.map(TraversableLike.scala:245)
  at scala.collection.AbstractTraversable.map(Traversable.scala:104)
  at Roman$.convertToRoman(Roman.scala:6)
  ...
3
- should III *** FAILED ***
  java.lang.StringIndexOutOfBoundsException: String index out of range: 1
  at java.lang.String.charAt(String.java:686)
  at scala.collection.immutable.StringLike$class.apply(StringLike.scala:52)
  at scala.collection.immutable.WrappedString.apply(WrappedString.scala:33)
  at scala.collection.immutable.WrappedString.apply(WrappedString.scala:33)
  at scala.collection.TraversableLike$$anonfun$map$1.apply(TraversableLike.scala:245)
  at scala.collection.TraversableLike$$anonfun$map$1.apply(TraversableLike.scala:245)
  at scala.collection.immutable.Range.foreach(Range.scala:166)
  at scala.collection.TraversableLike$class.map(TraversableLike.scala:245)
  at scala.collection.AbstractTraversable.map(Traversable.scala:104)
  at Roman$.convertToRoman(Roman.scala:6)
  ...
Read from stdout: Run completed in 174 milliseconds.
Read from stdout: Total number of tests run: 3
Read from stdout: Suites: completed 1, aborted 0
Read from stdout: Tests: succeeded 1, failed 2, canceled 0, ignored 0, pending 0
Read from stdout: *** 2 TESTS FAILED ***
Run completed in 174 milliseconds.
Total number of tests run: 3
Suites: completed 1, aborted 0
Tests: succeeded 1, failed 2, canceled 0, ignored 0, pending 0
*** 2 TESTS FAILED ***
Read from stdout: Failed tests:
Failed tests:
Read from stdout: 	RomanSpec
	RomanSpec
Read from stdout: (test:test) sbt.TestsFailedException: Tests unsuccessful
(test:test) sbt.TestsFailedException: Tests unsuccessful
Total time: 0 s, completed Jul 24, 2015 4:05:32 PM
> server-post-command-error-handler
> server-post-command-cleanup
> server-handle-next-server-request
> compile
Evaluating tasks: compile:compile
Running task... Cancel: sbt.server.ServerTaskCancellation@11e59b87, check cycles: false

Initial source changes: 
	removed:Set()
	added: Set()
	modified: Set(C:\Users\s-pairinguser\hello-scala\src\main\scala\Roman.scala)
Removed products: Set()
External API changes: API Changes: Set()
Modified binary dependencies: Set()
Initial directly invalidated sources: Set(C:\Users\s-pairinguser\hello-scala\src\main\scala\Roman.scala)

Sources indirectly invalidated by:
	product: Set()
	binary dep: Set()
	external source: Set()
All initially invalidated sources: Set(C:\Users\s-pairinguser\hello-scala\src\main\scala\Roman.scala)

Recompiling all 1 sources: invalidated sources (1) exceeded 50.0% of all sources
Read from stdout: Compiling 1 Scala source to C:\Users\s-pairinguser\hello-scala\target\scala-2.11\classes...
Compiling 1 Scala source to C:\Users\s-pairinguser\hello-scala\target\scala-2.11\classes...
Getting compiler-interface from component compiler for Scala 2.11.6
Other repositories:
Default repositories:
Getting compiler-interface from component compiler for Scala 2.11.6
Other repositories:
Default repositories:
Running cached compiler 5035d1f0, interfacing (CompilerInterface) with Scala compiler version 2.11.6
Calling Scala compiler with arguments  (CompilerInterface):
	-bootclasspath
	C:\Program Files\Java\jdk1.6.0_45\jre\lib\resources.jar;C:\Program Files\Java\jdk1.6.0_45\jre\lib\rt.jar;C:\Program Files\Java\jdk1.6.0_45\jre\lib\sunrsasign.jar;C:\Program Files\Java\jdk1.6.0_45\jre\lib\jsse.jar;C:\Program Files\Java\jdk1.6.0_45\jre\lib\jce.jar;C:\Program Files\Java\jdk1.6.0_45\jre\lib\charsets.jar;C:\Program Files\Java\jdk1.6.0_45\jre\lib\modules\jdk.boot.jar;C:\Program Files\Java\jdk1.6.0_45\jre\classes;C:\Users\s-pairinguser\.ivy2\cache\org.scala-lang\scala-library\jars\scala-library-2.11.6.jar
	-classpath
	C:\Users\s-pairinguser\hello-scala\target\scala-2.11\classes
Read from stdout: C:\Users\s-pairinguser\hello-scala\src\main\scala\Roman.scala:6: missing parameter type for expanded function ((x$1) => 0.to(i.$minus(1)).map("I").mkString(x$1))
C:\Users\s-pairinguser\hello-scala\src\main\scala\Roman.scala:6: missing parameter type for expanded function ((x$1) => 0.to(i.$minus(1)).map("I").mkString(x$1))
Read from stdout: 0.to(i-1).map("I").mkString(_)
      0.to(i-1).map("I").mkString(_)
Read from stdout: ^
                                  ^
Read from stdout: one error found
one error found
Compilation failed (CompilerInterface)
Read from stdout: (compile:compileIncremental) Compilation failed
(compile:compileIncremental) Compilation failed
Total time: 0 s, completed Jul 24, 2015 4:07:12 PM
> server-post-command-error-handler
> server-post-command-cleanup
> server-handle-next-server-request
> compile
Evaluating tasks: compile:compile
Running task... Cancel: sbt.server.ServerTaskCancellation@1a8c85c4, check cycles: false

Initial source changes: 
	removed:Set()
	added: Set()
	modified: Set()
Removed products: Set()
External API changes: API Changes: Set()
Modified binary dependencies: Set()
Initial directly invalidated sources: Set()

Sources indirectly invalidated by:
	product: Set()
	binary dep: Set()
	external source: Set()
All initially invalidated sources: Set()

Total time: 0 s, completed Jul 24, 2015 4:07:16 PM
> server-post-command-cleanup
> server-handle-next-server-request
> test
Evaluating tasks: test:test
Running task... Cancel: sbt.server.ServerTaskCancellation@5942c2af, check cycles: false

Initial source changes: 
	removed:Set()
	added: Set()
	modified: Set()
Removed products: Set()
External API changes: API Changes: Set()
Modified binary dependencies: Set()
Initial directly invalidated sources: Set()

Sources indirectly invalidated by:
	product: Set()
	binary dep: Set()
	external source: Set()
All initially invalidated sources: Set()

Copy resource mappings: 
	

Initial source changes: 
	removed:Set()
	added: Set()
	modified: Set()
Removed products: Set()
External API changes: API Changes: Set()
Modified binary dependencies: Set()
Initial directly invalidated sources: Set()

Sources indirectly invalidated by:
	product: Set()
	binary dep: Set()
	external source: Set()
All initially invalidated sources: Set()

Copy resource mappings: 
	
Framework implementation 'org.scalacheck.ScalaCheckFramework' not present.
Framework implementation 'org.specs2.runner.Specs2Framework' not present.
Framework implementation 'org.specs2.runner.SpecsFramework' not present.
Framework implementation 'org.specs.runner.SpecsFramework' not present.
Framework implementation 'com.novocode.junit.JUnitFramework' not present.
Subclass fingerprints: List((org.scalatest.Suite,false,org.scalatest.tools.Framework$$anon$1@2e2d671e))
Annotation fingerprints: List((org.scalatest.WrapWith,false,org.scalatest.tools.Framework$$anon$2@26ccfa41))
Running TaskDef(RomanSpec, org.scalatest.tools.Framework$$anon$1@2e2d671e, false, [SuiteSelector])
Read from stdout: RomanSpec:
Read from stdout: 1
Read from stdout: - should I
Read from stdout: 2
Read from stdout: - should II *** FAILED ***
Read from stdout: java.lang.StringIndexOutOfBoundsException: String index out of range: 1
Read from stdout: at java.lang.String.charAt(String.java:686)
Read from stdout: at scala.collection.immutable.StringLike$class.apply(StringLike.scala:52)
Read from stdout: at scala.collection.immutable.WrappedString.apply(WrappedString.scala:33)
Read from stdout: at scala.collection.immutable.WrappedString.apply(WrappedString.scala:33)
Read from stdout: at scala.collection.TraversableLike$$anonfun$map$1.apply(TraversableLike.scala:245)
Read from stdout: at scala.collection.TraversableLike$$anonfun$map$1.apply(TraversableLike.scala:245)
Read from stdout: at scala.collection.immutable.Range.foreach(Range.scala:166)
Read from stdout: at scala.collection.TraversableLike$class.map(TraversableLike.scala:245)
Read from stdout: at scala.collection.AbstractTraversable.map(Traversable.scala:104)
Read from stdout: at Roman$.convertToRoman(Roman.scala:6)
Read from stdout: ...
Read from stdout: 3
Read from stdout: - should III *** FAILED ***
Read from stdout: java.lang.StringIndexOutOfBoundsException: String index out of range: 1
Read from stdout: at java.lang.String.charAt(String.java:686)
Read from stdout: at scala.collection.immutable.StringLike$class.apply(StringLike.scala:52)
Read from stdout: at scala.collection.immutable.WrappedString.apply(WrappedString.scala:33)
Read from stdout: at scala.collection.immutable.WrappedString.apply(WrappedString.scala:33)
Read from stdout: at scala.collection.TraversableLike$$anonfun$map$1.apply(TraversableLike.scala:245)
Read from stdout: at scala.collection.TraversableLike$$anonfun$map$1.apply(TraversableLike.scala:245)
Read from stdout: at scala.collection.immutable.Range.foreach(Range.scala:166)
Read from stdout: at scala.collection.TraversableLike$class.map(TraversableLike.scala:245)
Read from stdout: at scala.collection.AbstractTraversable.map(Traversable.scala:104)
Read from stdout: at Roman$.convertToRoman(Roman.scala:6)
Read from stdout: ...
RomanSpec:
1
- should I
2
- should II *** FAILED ***
  java.lang.StringIndexOutOfBoundsException: String index out of range: 1
  at java.lang.String.charAt(String.java:686)
  at scala.collection.immutable.StringLike$class.apply(StringLike.scala:52)
  at scala.collection.immutable.WrappedString.apply(WrappedString.scala:33)
  at scala.collection.immutable.WrappedString.apply(WrappedString.scala:33)
  at scala.collection.TraversableLike$$anonfun$map$1.apply(TraversableLike.scala:245)
  at scala.collection.TraversableLike$$anonfun$map$1.apply(TraversableLike.scala:245)
  at scala.collection.immutable.Range.foreach(Range.scala:166)
  at scala.collection.TraversableLike$class.map(TraversableLike.scala:245)
  at scala.collection.AbstractTraversable.map(Traversable.scala:104)
  at Roman$.convertToRoman(Roman.scala:6)
  ...
3
- should III *** FAILED ***
  java.lang.StringIndexOutOfBoundsException: String index out of range: 1
  at java.lang.String.charAt(String.java:686)
  at scala.collection.immutable.StringLike$class.apply(StringLike.scala:52)
  at scala.collection.immutable.WrappedString.apply(WrappedString.scala:33)
  at scala.collection.immutable.WrappedString.apply(WrappedString.scala:33)
  at scala.collection.TraversableLike$$anonfun$map$1.apply(TraversableLike.scala:245)
  at scala.collection.TraversableLike$$anonfun$map$1.apply(TraversableLike.scala:245)
  at scala.collection.immutable.Range.foreach(Range.scala:166)
  at scala.collection.TraversableLike$class.map(TraversableLike.scala:245)
  at scala.collection.AbstractTraversable.map(Traversable.scala:104)
  at Roman$.convertToRoman(Roman.scala:6)
  ...
Read from stdout: Run completed in 172 milliseconds.
Read from stdout: Total number of tests run: 3
Read from stdout: Suites: completed 1, aborted 0
Read from stdout: Tests: succeeded 1, failed 2, canceled 0, ignored 0, pending 0
Read from stdout: *** 2 TESTS FAILED ***
Run completed in 172 milliseconds.
Total number of tests run: 3
Suites: completed 1, aborted 0
Tests: succeeded 1, failed 2, canceled 0, ignored 0, pending 0
*** 2 TESTS FAILED ***
Read from stdout: Failed tests:
Failed tests:
Read from stdout: 	RomanSpec
	RomanSpec
Read from stdout: (test:test) sbt.TestsFailedException: Tests unsuccessful
(test:test) sbt.TestsFailedException: Tests unsuccessful
Total time: 0 s, completed Jul 24, 2015 4:07:17 PM
> server-post-command-error-handler
> server-post-command-cleanup
> server-handle-next-server-request
> compile
Evaluating tasks: compile:compile
Running task... Cancel: sbt.server.ServerTaskCancellation@63b9c8d4, check cycles: false

Initial source changes: 
	removed:Set()
	added: Set()
	modified: Set()
Removed products: Set()
External API changes: API Changes: Set()
Modified binary dependencies: Set()
Initial directly invalidated sources: Set()

Sources indirectly invalidated by:
	product: Set()
	binary dep: Set()
	external source: Set()
All initially invalidated sources: Set()

Total time: 0 s, completed Jul 24, 2015 4:07:43 PM
> server-post-command-cleanup
> server-handle-next-server-request
> test
Evaluating tasks: test:test
Running task... Cancel: sbt.server.ServerTaskCancellation@2319593, check cycles: false

Initial source changes: 
	removed:Set()
	added: Set()
	modified: Set()
Removed products: Set()
External API changes: API Changes: Set()
Modified binary dependencies: Set()
Initial directly invalidated sources: Set()

Sources indirectly invalidated by:
	product: Set()
	binary dep: Set()
	external source: Set()
All initially invalidated sources: Set()

Copy resource mappings: 
	

Initial source changes: 
	removed:Set()
	added: Set()
	modified: Set()
Removed products: Set()
External API changes: API Changes: Set()
Modified binary dependencies: Set()
Initial directly invalidated sources: Set()

Sources indirectly invalidated by:
	product: Set()
	binary dep: Set()
	external source: Set()
All initially invalidated sources: Set()

Copy resource mappings: 
	
Framework implementation 'org.scalacheck.ScalaCheckFramework' not present.
Framework implementation 'org.specs2.runner.Specs2Framework' not present.
Framework implementation 'org.specs2.runner.SpecsFramework' not present.
Framework implementation 'org.specs.runner.SpecsFramework' not present.
Framework implementation 'com.novocode.junit.JUnitFramework' not present.
Subclass fingerprints: List((org.scalatest.Suite,false,org.scalatest.tools.Framework$$anon$1@342882af))
Annotation fingerprints: List((org.scalatest.WrapWith,false,org.scalatest.tools.Framework$$anon$2@4f9bc9e9))
Running TaskDef(RomanSpec, org.scalatest.tools.Framework$$anon$1@342882af, false, [SuiteSelector])
Read from stdout: RomanSpec:
Read from stdout: 1
Read from stdout: - should I
Read from stdout: 2
Read from stdout: - should II *** FAILED ***
Read from stdout: java.lang.StringIndexOutOfBoundsException: String index out of range: 1
Read from stdout: at java.lang.String.charAt(String.java:686)
Read from stdout: at scala.collection.immutable.StringLike$class.apply(StringLike.scala:52)
Read from stdout: at scala.collection.immutable.WrappedString.apply(WrappedString.scala:33)
Read from stdout: at scala.collection.immutable.WrappedString.apply(WrappedString.scala:33)
Read from stdout: at scala.collection.TraversableLike$$anonfun$map$1.apply(TraversableLike.scala:245)
Read from stdout: at scala.collection.TraversableLike$$anonfun$map$1.apply(TraversableLike.scala:245)
Read from stdout: at scala.collection.immutable.Range.foreach(Range.scala:166)
Read from stdout: at scala.collection.TraversableLike$class.map(TraversableLike.scala:245)
Read from stdout: at scala.collection.AbstractTraversable.map(Traversable.scala:104)
Read from stdout: at Roman$.convertToRoman(Roman.scala:6)
Read from stdout: ...
Read from stdout: 3
Read from stdout: - should III *** FAILED ***
Read from stdout: java.lang.StringIndexOutOfBoundsException: String index out of range: 1
Read from stdout: at java.lang.String.charAt(String.java:686)
Read from stdout: at scala.collection.immutable.StringLike$class.apply(StringLike.scala:52)
Read from stdout: at scala.collection.immutable.WrappedString.apply(WrappedString.scala:33)
Read from stdout: at scala.collection.immutable.WrappedString.apply(WrappedString.scala:33)
Read from stdout: at scala.collection.TraversableLike$$anonfun$map$1.apply(TraversableLike.scala:245)
Read from stdout: at scala.collection.TraversableLike$$anonfun$map$1.apply(TraversableLike.scala:245)
Read from stdout: at scala.collection.immutable.Range.foreach(Range.scala:166)
Read from stdout: at scala.collection.TraversableLike$class.map(TraversableLike.scala:245)
Read from stdout: at scala.collection.AbstractTraversable.map(Traversable.scala:104)
Read from stdout: at Roman$.convertToRoman(Roman.scala:6)
Read from stdout: ...
RomanSpec:
1
- should I
2
- should II *** FAILED ***
  java.lang.StringIndexOutOfBoundsException: String index out of range: 1
  at java.lang.String.charAt(String.java:686)
  at scala.collection.immutable.StringLike$class.apply(StringLike.scala:52)
  at scala.collection.immutable.WrappedString.apply(WrappedString.scala:33)
  at scala.collection.immutable.WrappedString.apply(WrappedString.scala:33)
  at scala.collection.TraversableLike$$anonfun$map$1.apply(TraversableLike.scala:245)
  at scala.collection.TraversableLike$$anonfun$map$1.apply(TraversableLike.scala:245)
  at scala.collection.immutable.Range.foreach(Range.scala:166)
  at scala.collection.TraversableLike$class.map(TraversableLike.scala:245)
  at scala.collection.AbstractTraversable.map(Traversable.scala:104)
  at Roman$.convertToRoman(Roman.scala:6)
  ...
3
- should III *** FAILED ***
  java.lang.StringIndexOutOfBoundsException: String index out of range: 1
  at java.lang.String.charAt(String.java:686)
  at scala.collection.immutable.StringLike$class.apply(StringLike.scala:52)
  at scala.collection.immutable.WrappedString.apply(WrappedString.scala:33)
  at scala.collection.immutable.WrappedString.apply(WrappedString.scala:33)
  at scala.collection.TraversableLike$$anonfun$map$1.apply(TraversableLike.scala:245)
  at scala.collection.TraversableLike$$anonfun$map$1.apply(TraversableLike.scala:245)
  at scala.collection.immutable.Range.foreach(Range.scala:166)
  at scala.collection.TraversableLike$class.map(TraversableLike.scala:245)
  at scala.collection.AbstractTraversable.map(Traversable.scala:104)
  at Roman$.convertToRoman(Roman.scala:6)
  ...
Read from stdout: Run completed in 186 milliseconds.
Read from stdout: Total number of tests run: 3
Read from stdout: Suites: completed 1, aborted 0
Read from stdout: Tests: succeeded 1, failed 2, canceled 0, ignored 0, pending 0
Read from stdout: *** 2 TESTS FAILED ***
Run completed in 186 milliseconds.
Total number of tests run: 3
Suites: completed 1, aborted 0
Tests: succeeded 1, failed 2, canceled 0, ignored 0, pending 0
*** 2 TESTS FAILED ***
Read from stdout: Failed tests:
Failed tests:
Read from stdout: 	RomanSpec
	RomanSpec
Read from stdout: (test:test) sbt.TestsFailedException: Tests unsuccessful
(test:test) sbt.TestsFailedException: Tests unsuccessful
Total time: 0 s, completed Jul 24, 2015 4:07:43 PM
> server-post-command-error-handler
> server-post-command-cleanup
> server-handle-next-server-request
Done executing sbt server engine, result Right(Exit(0))
Closing listening server socket
Waiting for socket thread
Waiting for request processor thread
Waiting for command engine result
Returning control to sbt launcher with result Exit(0)
Closing the 11280@W-OFC2460T00 logs at Fri Jul 24 16:11:35 EDT 2015, goodbye.
